mode: set
github.com/Layr-Labs/eigenda/disperser/common/v2/blobstore/dynamo_metadata_store.go:83.125,90.2 2 1
github.com/Layr-Labs/eigenda/disperser/common/v2/blobstore/dynamo_metadata_store.go:92.103,95.16 3 1
github.com/Layr-Labs/eigenda/disperser/common/v2/blobstore/dynamo_metadata_store.go:95.16,97.3 1 0
github.com/Layr-Labs/eigenda/disperser/common/v2/blobstore/dynamo_metadata_store.go:99.2,100.55 2 1
github.com/Layr-Labs/eigenda/disperser/common/v2/blobstore/dynamo_metadata_store.go:100.55,102.3 1 1
github.com/Layr-Labs/eigenda/disperser/common/v2/blobstore/dynamo_metadata_store.go:104.2,104.12 1 1
github.com/Layr-Labs/eigenda/disperser/common/v2/blobstore/dynamo_metadata_store.go:107.119,109.29 2 1
github.com/Layr-Labs/eigenda/disperser/common/v2/blobstore/dynamo_metadata_store.go:109.29,111.3 1 0
github.com/Layr-Labs/eigenda/disperser/common/v2/blobstore/dynamo_metadata_store.go:113.2,114.44 2 1
github.com/Layr-Labs/eigenda/disperser/common/v2/blobstore/dynamo_metadata_store.go:114.44,116.3 1 1
github.com/Layr-Labs/eigenda/disperser/common/v2/blobstore/dynamo_metadata_store.go:117.2,134.55 3 1
github.com/Layr-Labs/eigenda/disperser/common/v2/blobstore/dynamo_metadata_store.go:134.55,136.17 2 1
github.com/Layr-Labs/eigenda/disperser/common/v2/blobstore/dynamo_metadata_store.go:136.17,138.4 1 0
github.com/Layr-Labs/eigenda/disperser/common/v2/blobstore/dynamo_metadata_store.go:140.3,140.32 1 1
github.com/Layr-Labs/eigenda/disperser/common/v2/blobstore/dynamo_metadata_store.go:140.32,142.4 1 1
github.com/Layr-Labs/eigenda/disperser/common/v2/blobstore/dynamo_metadata_store.go:144.3,144.137 1 1
github.com/Layr-Labs/eigenda/disperser/common/v2/blobstore/dynamo_metadata_store.go:147.2,147.12 1 1
github.com/Layr-Labs/eigenda/disperser/common/v2/blobstore/dynamo_metadata_store.go:150.99,161.2 2 1
github.com/Layr-Labs/eigenda/disperser/common/v2/blobstore/dynamo_metadata_store.go:163.116,173.17 2 1
github.com/Layr-Labs/eigenda/disperser/common/v2/blobstore/dynamo_metadata_store.go:173.17,175.3 1 0
github.com/Layr-Labs/eigenda/disperser/common/v2/blobstore/dynamo_metadata_store.go:177.2,177.16 1 1
github.com/Layr-Labs/eigenda/disperser/common/v2/blobstore/dynamo_metadata_store.go:177.16,179.3 1 0
github.com/Layr-Labs/eigenda/disperser/common/v2/blobstore/dynamo_metadata_store.go:181.2,182.16 2 1
github.com/Layr-Labs/eigenda/disperser/common/v2/blobstore/dynamo_metadata_store.go:182.16,184.3 1 0
github.com/Layr-Labs/eigenda/disperser/common/v2/blobstore/dynamo_metadata_store.go:186.2,186.22 1 1
github.com/Layr-Labs/eigenda/disperser/common/v2/blobstore/dynamo_metadata_store.go:190.104,205.16 3 1
github.com/Layr-Labs/eigenda/disperser/common/v2/blobstore/dynamo_metadata_store.go:205.16,207.3 1 0
github.com/Layr-Labs/eigenda/disperser/common/v2/blobstore/dynamo_metadata_store.go:210.2,210.25 1 1
github.com/Layr-Labs/eigenda/disperser/common/v2/blobstore/dynamo_metadata_store.go:216.146,224.16 2 1
github.com/Layr-Labs/eigenda/disperser/common/v2/blobstore/dynamo_metadata_store.go:224.16,226.3 1 0
github.com/Layr-Labs/eigenda/disperser/common/v2/blobstore/dynamo_metadata_store.go:228.2,229.29 2 1
github.com/Layr-Labs/eigenda/disperser/common/v2/blobstore/dynamo_metadata_store.go:229.29,231.17 2 1
github.com/Layr-Labs/eigenda/disperser/common/v2/blobstore/dynamo_metadata_store.go:231.17,233.4 1 0
github.com/Layr-Labs/eigenda/disperser/common/v2/blobstore/dynamo_metadata_store.go:236.2,236.22 1 1
github.com/Layr-Labs/eigenda/disperser/common/v2/blobstore/dynamo_metadata_store.go:255.31,257.6 2 1
github.com/Layr-Labs/eigenda/disperser/common/v2/blobstore/dynamo_metadata_store.go:257.6,259.16 2 1
github.com/Layr-Labs/eigenda/disperser/common/v2/blobstore/dynamo_metadata_store.go:259.16,261.4 1 1
github.com/Layr-Labs/eigenda/disperser/common/v2/blobstore/dynamo_metadata_store.go:262.3,276.17 2 1
github.com/Layr-Labs/eigenda/disperser/common/v2/blobstore/dynamo_metadata_store.go:276.17,278.4 1 0
github.com/Layr-Labs/eigenda/disperser/common/v2/blobstore/dynamo_metadata_store.go:281.3,281.34 1 1
github.com/Layr-Labs/eigenda/disperser/common/v2/blobstore/dynamo_metadata_store.go:281.34,283.18 2 1
github.com/Layr-Labs/eigenda/disperser/common/v2/blobstore/dynamo_metadata_store.go:283.18,285.5 1 0
github.com/Layr-Labs/eigenda/disperser/common/v2/blobstore/dynamo_metadata_store.go:288.4,289.18 2 1
github.com/Layr-Labs/eigenda/disperser/common/v2/blobstore/dynamo_metadata_store.go:289.18,291.5 1 0
github.com/Layr-Labs/eigenda/disperser/common/v2/blobstore/dynamo_metadata_store.go:294.4,294.87 1 1
github.com/Layr-Labs/eigenda/disperser/common/v2/blobstore/dynamo_metadata_store.go:294.87,295.13 1 1
github.com/Layr-Labs/eigenda/disperser/common/v2/blobstore/dynamo_metadata_store.go:299.4,308.41 3 1
github.com/Layr-Labs/eigenda/disperser/common/v2/blobstore/dynamo_metadata_store.go:308.41,310.5 1 1
github.com/Layr-Labs/eigenda/disperser/common/v2/blobstore/dynamo_metadata_store.go:314.3,314.34 1 1
github.com/Layr-Labs/eigenda/disperser/common/v2/blobstore/dynamo_metadata_store.go:314.34,315.9 1 1
github.com/Layr-Labs/eigenda/disperser/common/v2/blobstore/dynamo_metadata_store.go:318.3,318.39 1 1
github.com/Layr-Labs/eigenda/disperser/common/v2/blobstore/dynamo_metadata_store.go:321.2,321.20 1 1
github.com/Layr-Labs/eigenda/disperser/common/v2/blobstore/dynamo_metadata_store.go:335.48,336.30 1 1
github.com/Layr-Labs/eigenda/disperser/common/v2/blobstore/dynamo_metadata_store.go:336.30,338.3 1 1
github.com/Layr-Labs/eigenda/disperser/common/v2/blobstore/dynamo_metadata_store.go:340.2,346.59 6 1
github.com/Layr-Labs/eigenda/disperser/common/v2/blobstore/dynamo_metadata_store.go:346.59,352.17 3 1
github.com/Layr-Labs/eigenda/disperser/common/v2/blobstore/dynamo_metadata_store.go:352.17,354.4 1 0
github.com/Layr-Labs/eigenda/disperser/common/v2/blobstore/dynamo_metadata_store.go:356.3,356.40 1 1
github.com/Layr-Labs/eigenda/disperser/common/v2/blobstore/dynamo_metadata_store.go:356.40,357.9 1 1
github.com/Layr-Labs/eigenda/disperser/common/v2/blobstore/dynamo_metadata_store.go:361.2,361.41 1 1
github.com/Layr-Labs/eigenda/disperser/common/v2/blobstore/dynamo_metadata_store.go:375.48,376.30 1 1
github.com/Layr-Labs/eigenda/disperser/common/v2/blobstore/dynamo_metadata_store.go:376.30,378.3 1 1
github.com/Layr-Labs/eigenda/disperser/common/v2/blobstore/dynamo_metadata_store.go:380.2,387.59 6 1
github.com/Layr-Labs/eigenda/disperser/common/v2/blobstore/dynamo_metadata_store.go:387.59,393.17 3 1
github.com/Layr-Labs/eigenda/disperser/common/v2/blobstore/dynamo_metadata_store.go:393.17,395.4 1 0
github.com/Layr-Labs/eigenda/disperser/common/v2/blobstore/dynamo_metadata_store.go:397.3,397.40 1 1
github.com/Layr-Labs/eigenda/disperser/common/v2/blobstore/dynamo_metadata_store.go:397.40,398.9 1 1
github.com/Layr-Labs/eigenda/disperser/common/v2/blobstore/dynamo_metadata_store.go:401.2,401.41 1 1
github.com/Layr-Labs/eigenda/disperser/common/v2/blobstore/dynamo_metadata_store.go:420.31,421.21 1 1
github.com/Layr-Labs/eigenda/disperser/common/v2/blobstore/dynamo_metadata_store.go:421.21,423.3 1 1
github.com/Layr-Labs/eigenda/disperser/common/v2/blobstore/dynamo_metadata_store.go:425.2,433.6 4 1
github.com/Layr-Labs/eigenda/disperser/common/v2/blobstore/dynamo_metadata_store.go:433.6,435.16 2 1
github.com/Layr-Labs/eigenda/disperser/common/v2/blobstore/dynamo_metadata_store.go:435.16,437.4 1 1
github.com/Layr-Labs/eigenda/disperser/common/v2/blobstore/dynamo_metadata_store.go:438.3,452.17 2 1
github.com/Layr-Labs/eigenda/disperser/common/v2/blobstore/dynamo_metadata_store.go:452.17,454.4 1 0
github.com/Layr-Labs/eigenda/disperser/common/v2/blobstore/dynamo_metadata_store.go:457.3,457.34 1 1
github.com/Layr-Labs/eigenda/disperser/common/v2/blobstore/dynamo_metadata_store.go:457.34,459.18 2 1
github.com/Layr-Labs/eigenda/disperser/common/v2/blobstore/dynamo_metadata_store.go:459.18,461.5 1 0
github.com/Layr-Labs/eigenda/disperser/common/v2/blobstore/dynamo_metadata_store.go:462.4,465.40 2 1
github.com/Layr-Labs/eigenda/disperser/common/v2/blobstore/dynamo_metadata_store.go:465.40,467.5 1 1
github.com/Layr-Labs/eigenda/disperser/common/v2/blobstore/dynamo_metadata_store.go:471.3,471.34 1 1
github.com/Layr-Labs/eigenda/disperser/common/v2/blobstore/dynamo_metadata_store.go:471.34,472.9 1 1
github.com/Layr-Labs/eigenda/disperser/common/v2/blobstore/dynamo_metadata_store.go:475.3,475.39 1 0
github.com/Layr-Labs/eigenda/disperser/common/v2/blobstore/dynamo_metadata_store.go:478.2,478.19 1 1
github.com/Layr-Labs/eigenda/disperser/common/v2/blobstore/dynamo_metadata_store.go:491.34,499.6 3 1
github.com/Layr-Labs/eigenda/disperser/common/v2/blobstore/dynamo_metadata_store.go:499.6,514.17 2 1
github.com/Layr-Labs/eigenda/disperser/common/v2/blobstore/dynamo_metadata_store.go:514.17,516.4 1 0
github.com/Layr-Labs/eigenda/disperser/common/v2/blobstore/dynamo_metadata_store.go:519.3,519.34 1 1
github.com/Layr-Labs/eigenda/disperser/common/v2/blobstore/dynamo_metadata_store.go:519.34,521.18 2 1
github.com/Layr-Labs/eigenda/disperser/common/v2/blobstore/dynamo_metadata_store.go:521.18,523.5 1 0
github.com/Layr-Labs/eigenda/disperser/common/v2/blobstore/dynamo_metadata_store.go:524.4,527.40 2 1
github.com/Layr-Labs/eigenda/disperser/common/v2/blobstore/dynamo_metadata_store.go:527.40,529.5 1 1
github.com/Layr-Labs/eigenda/disperser/common/v2/blobstore/dynamo_metadata_store.go:533.3,533.34 1 1
github.com/Layr-Labs/eigenda/disperser/common/v2/blobstore/dynamo_metadata_store.go:533.34,534.9 1 1
github.com/Layr-Labs/eigenda/disperser/common/v2/blobstore/dynamo_metadata_store.go:537.3,537.39 1 1
github.com/Layr-Labs/eigenda/disperser/common/v2/blobstore/dynamo_metadata_store.go:540.2,540.26 1 1
github.com/Layr-Labs/eigenda/disperser/common/v2/blobstore/dynamo_metadata_store.go:556.34,557.24 1 1
github.com/Layr-Labs/eigenda/disperser/common/v2/blobstore/dynamo_metadata_store.go:557.24,559.3 1 1
github.com/Layr-Labs/eigenda/disperser/common/v2/blobstore/dynamo_metadata_store.go:560.2,564.59 3 1
github.com/Layr-Labs/eigenda/disperser/common/v2/blobstore/dynamo_metadata_store.go:564.59,565.40 1 1
github.com/Layr-Labs/eigenda/disperser/common/v2/blobstore/dynamo_metadata_store.go:565.40,566.9 1 1
github.com/Layr-Labs/eigenda/disperser/common/v2/blobstore/dynamo_metadata_store.go:568.3,569.16 2 1
github.com/Layr-Labs/eigenda/disperser/common/v2/blobstore/dynamo_metadata_store.go:569.16,571.4 1 1
github.com/Layr-Labs/eigenda/disperser/common/v2/blobstore/dynamo_metadata_store.go:573.3,574.17 2 1
github.com/Layr-Labs/eigenda/disperser/common/v2/blobstore/dynamo_metadata_store.go:574.17,576.4 1 0
github.com/Layr-Labs/eigenda/disperser/common/v2/blobstore/dynamo_metadata_store.go:577.3,577.40 1 1
github.com/Layr-Labs/eigenda/disperser/common/v2/blobstore/dynamo_metadata_store.go:577.40,579.41 2 1
github.com/Layr-Labs/eigenda/disperser/common/v2/blobstore/dynamo_metadata_store.go:579.41,580.10 1 1
github.com/Layr-Labs/eigenda/disperser/common/v2/blobstore/dynamo_metadata_store.go:584.2,584.20 1 1
github.com/Layr-Labs/eigenda/disperser/common/v2/blobstore/dynamo_metadata_store.go:600.34,601.24 1 1
github.com/Layr-Labs/eigenda/disperser/common/v2/blobstore/dynamo_metadata_store.go:601.24,603.3 1 1
github.com/Layr-Labs/eigenda/disperser/common/v2/blobstore/dynamo_metadata_store.go:605.2,609.59 3 1
github.com/Layr-Labs/eigenda/disperser/common/v2/blobstore/dynamo_metadata_store.go:609.59,610.40 1 1
github.com/Layr-Labs/eigenda/disperser/common/v2/blobstore/dynamo_metadata_store.go:610.40,611.9 1 1
github.com/Layr-Labs/eigenda/disperser/common/v2/blobstore/dynamo_metadata_store.go:613.3,614.16 2 1
github.com/Layr-Labs/eigenda/disperser/common/v2/blobstore/dynamo_metadata_store.go:614.16,616.4 1 1
github.com/Layr-Labs/eigenda/disperser/common/v2/blobstore/dynamo_metadata_store.go:618.3,619.17 2 1
github.com/Layr-Labs/eigenda/disperser/common/v2/blobstore/dynamo_metadata_store.go:619.17,621.4 1 0
github.com/Layr-Labs/eigenda/disperser/common/v2/blobstore/dynamo_metadata_store.go:622.3,622.40 1 1
github.com/Layr-Labs/eigenda/disperser/common/v2/blobstore/dynamo_metadata_store.go:622.40,624.41 2 1
github.com/Layr-Labs/eigenda/disperser/common/v2/blobstore/dynamo_metadata_store.go:624.41,625.10 1 1
github.com/Layr-Labs/eigenda/disperser/common/v2/blobstore/dynamo_metadata_store.go:630.2,630.20 1 1
github.com/Layr-Labs/eigenda/disperser/common/v2/blobstore/dynamo_metadata_store.go:643.51,645.30 2 1
github.com/Layr-Labs/eigenda/disperser/common/v2/blobstore/dynamo_metadata_store.go:645.30,647.79 2 1
github.com/Layr-Labs/eigenda/disperser/common/v2/blobstore/dynamo_metadata_store.go:647.79,649.4 1 1
github.com/Layr-Labs/eigenda/disperser/common/v2/blobstore/dynamo_metadata_store.go:650.3,663.4 1 1
github.com/Layr-Labs/eigenda/disperser/common/v2/blobstore/dynamo_metadata_store.go:664.8,679.3 1 1
github.com/Layr-Labs/eigenda/disperser/common/v2/blobstore/dynamo_metadata_store.go:680.2,685.16 2 1
github.com/Layr-Labs/eigenda/disperser/common/v2/blobstore/dynamo_metadata_store.go:685.16,687.3 1 0
github.com/Layr-Labs/eigenda/disperser/common/v2/blobstore/dynamo_metadata_store.go:690.2,690.56 1 1
github.com/Layr-Labs/eigenda/disperser/common/v2/blobstore/dynamo_metadata_store.go:690.56,693.3 1 1
github.com/Layr-Labs/eigenda/disperser/common/v2/blobstore/dynamo_metadata_store.go:695.2,696.33 2 1
github.com/Layr-Labs/eigenda/disperser/common/v2/blobstore/dynamo_metadata_store.go:696.33,699.17 2 1
github.com/Layr-Labs/eigenda/disperser/common/v2/blobstore/dynamo_metadata_store.go:699.17,701.12 2 0
github.com/Layr-Labs/eigenda/disperser/common/v2/blobstore/dynamo_metadata_store.go:703.3,703.33 1 1
github.com/Layr-Labs/eigenda/disperser/common/v2/blobstore/dynamo_metadata_store.go:706.2,707.30 2 1
github.com/Layr-Labs/eigenda/disperser/common/v2/blobstore/dynamo_metadata_store.go:707.30,709.3 1 1
github.com/Layr-Labs/eigenda/disperser/common/v2/blobstore/dynamo_metadata_store.go:711.2,713.16 3 1
github.com/Layr-Labs/eigenda/disperser/common/v2/blobstore/dynamo_metadata_store.go:713.16,715.3 1 0
github.com/Layr-Labs/eigenda/disperser/common/v2/blobstore/dynamo_metadata_store.go:716.2,717.16 2 1
github.com/Layr-Labs/eigenda/disperser/common/v2/blobstore/dynamo_metadata_store.go:717.16,719.3 1 0
github.com/Layr-Labs/eigenda/disperser/common/v2/blobstore/dynamo_metadata_store.go:720.2,722.34 2 1
github.com/Layr-Labs/eigenda/disperser/common/v2/blobstore/dynamo_metadata_store.go:727.116,733.16 2 1
github.com/Layr-Labs/eigenda/disperser/common/v2/blobstore/dynamo_metadata_store.go:733.16,735.3 1 0
github.com/Layr-Labs/eigenda/disperser/common/v2/blobstore/dynamo_metadata_store.go:737.2,737.19 1 1
github.com/Layr-Labs/eigenda/disperser/common/v2/blobstore/dynamo_metadata_store.go:740.146,742.16 2 1
github.com/Layr-Labs/eigenda/disperser/common/v2/blobstore/dynamo_metadata_store.go:742.16,744.3 1 0
github.com/Layr-Labs/eigenda/disperser/common/v2/blobstore/dynamo_metadata_store.go:746.2,747.55 2 1
github.com/Layr-Labs/eigenda/disperser/common/v2/blobstore/dynamo_metadata_store.go:747.55,749.3 1 1
github.com/Layr-Labs/eigenda/disperser/common/v2/blobstore/dynamo_metadata_store.go:751.2,751.12 1 1
github.com/Layr-Labs/eigenda/disperser/common/v2/blobstore/dynamo_metadata_store.go:754.102,765.2 2 0
github.com/Layr-Labs/eigenda/disperser/common/v2/blobstore/dynamo_metadata_store.go:767.150,777.16 2 1
github.com/Layr-Labs/eigenda/disperser/common/v2/blobstore/dynamo_metadata_store.go:777.16,779.3 1 0
github.com/Layr-Labs/eigenda/disperser/common/v2/blobstore/dynamo_metadata_store.go:781.2,781.17 1 1
github.com/Layr-Labs/eigenda/disperser/common/v2/blobstore/dynamo_metadata_store.go:781.17,783.3 1 0
github.com/Layr-Labs/eigenda/disperser/common/v2/blobstore/dynamo_metadata_store.go:785.2,786.16 2 1
github.com/Layr-Labs/eigenda/disperser/common/v2/blobstore/dynamo_metadata_store.go:786.16,788.3 1 0
github.com/Layr-Labs/eigenda/disperser/common/v2/blobstore/dynamo_metadata_store.go:790.2,790.32 1 1
github.com/Layr-Labs/eigenda/disperser/common/v2/blobstore/dynamo_metadata_store.go:795.158,797.35 2 1
github.com/Layr-Labs/eigenda/disperser/common/v2/blobstore/dynamo_metadata_store.go:797.35,806.3 1 1
github.com/Layr-Labs/eigenda/disperser/common/v2/blobstore/dynamo_metadata_store.go:808.2,809.16 2 1
github.com/Layr-Labs/eigenda/disperser/common/v2/blobstore/dynamo_metadata_store.go:809.16,811.3 1 0
github.com/Layr-Labs/eigenda/disperser/common/v2/blobstore/dynamo_metadata_store.go:813.2,815.29 3 1
github.com/Layr-Labs/eigenda/disperser/common/v2/blobstore/dynamo_metadata_store.go:815.29,817.17 2 1
github.com/Layr-Labs/eigenda/disperser/common/v2/blobstore/dynamo_metadata_store.go:817.17,819.4 1 0
github.com/Layr-Labs/eigenda/disperser/common/v2/blobstore/dynamo_metadata_store.go:820.3,821.34 2 1
github.com/Layr-Labs/eigenda/disperser/common/v2/blobstore/dynamo_metadata_store.go:824.2,824.34 1 1
github.com/Layr-Labs/eigenda/disperser/common/v2/blobstore/dynamo_metadata_store.go:827.106,829.16 2 1
github.com/Layr-Labs/eigenda/disperser/common/v2/blobstore/dynamo_metadata_store.go:829.16,831.3 1 0
github.com/Layr-Labs/eigenda/disperser/common/v2/blobstore/dynamo_metadata_store.go:833.2,834.55 2 1
github.com/Layr-Labs/eigenda/disperser/common/v2/blobstore/dynamo_metadata_store.go:834.55,836.3 1 1
github.com/Layr-Labs/eigenda/disperser/common/v2/blobstore/dynamo_metadata_store.go:838.2,838.12 1 1
github.com/Layr-Labs/eigenda/disperser/common/v2/blobstore/dynamo_metadata_store.go:841.158,851.16 2 1
github.com/Layr-Labs/eigenda/disperser/common/v2/blobstore/dynamo_metadata_store.go:851.16,853.3 1 0
github.com/Layr-Labs/eigenda/disperser/common/v2/blobstore/dynamo_metadata_store.go:855.2,855.17 1 1
github.com/Layr-Labs/eigenda/disperser/common/v2/blobstore/dynamo_metadata_store.go:855.17,857.3 1 0
github.com/Layr-Labs/eigenda/disperser/common/v2/blobstore/dynamo_metadata_store.go:859.2,860.16 2 1
github.com/Layr-Labs/eigenda/disperser/common/v2/blobstore/dynamo_metadata_store.go:860.16,862.3 1 0
github.com/Layr-Labs/eigenda/disperser/common/v2/blobstore/dynamo_metadata_store.go:864.2,864.17 1 1
github.com/Layr-Labs/eigenda/disperser/common/v2/blobstore/dynamo_metadata_store.go:883.40,884.21 1 1
github.com/Layr-Labs/eigenda/disperser/common/v2/blobstore/dynamo_metadata_store.go:884.21,886.3 1 1
github.com/Layr-Labs/eigenda/disperser/common/v2/blobstore/dynamo_metadata_store.go:888.2,896.6 4 1
github.com/Layr-Labs/eigenda/disperser/common/v2/blobstore/dynamo_metadata_store.go:896.6,898.16 2 1
github.com/Layr-Labs/eigenda/disperser/common/v2/blobstore/dynamo_metadata_store.go:898.16,900.4 1 1
github.com/Layr-Labs/eigenda/disperser/common/v2/blobstore/dynamo_metadata_store.go:901.3,915.17 2 1
github.com/Layr-Labs/eigenda/disperser/common/v2/blobstore/dynamo_metadata_store.go:915.17,917.4 1 0
github.com/Layr-Labs/eigenda/disperser/common/v2/blobstore/dynamo_metadata_store.go:920.3,920.34 1 1
github.com/Layr-Labs/eigenda/disperser/common/v2/blobstore/dynamo_metadata_store.go:920.34,922.18 2 1
github.com/Layr-Labs/eigenda/disperser/common/v2/blobstore/dynamo_metadata_store.go:922.18,924.5 1 0
github.com/Layr-Labs/eigenda/disperser/common/v2/blobstore/dynamo_metadata_store.go:925.4,928.45 2 1
github.com/Layr-Labs/eigenda/disperser/common/v2/blobstore/dynamo_metadata_store.go:928.45,930.5 1 1
github.com/Layr-Labs/eigenda/disperser/common/v2/blobstore/dynamo_metadata_store.go:934.3,934.34 1 1
github.com/Layr-Labs/eigenda/disperser/common/v2/blobstore/dynamo_metadata_store.go:934.34,935.9 1 1
github.com/Layr-Labs/eigenda/disperser/common/v2/blobstore/dynamo_metadata_store.go:938.3,938.39 1 0
github.com/Layr-Labs/eigenda/disperser/common/v2/blobstore/dynamo_metadata_store.go:941.2,941.24 1 1
github.com/Layr-Labs/eigenda/disperser/common/v2/blobstore/dynamo_metadata_store.go:944.108,946.16 2 1
github.com/Layr-Labs/eigenda/disperser/common/v2/blobstore/dynamo_metadata_store.go:946.16,948.3 1 0
github.com/Layr-Labs/eigenda/disperser/common/v2/blobstore/dynamo_metadata_store.go:950.2,951.55 2 1
github.com/Layr-Labs/eigenda/disperser/common/v2/blobstore/dynamo_metadata_store.go:951.55,953.3 1 1
github.com/Layr-Labs/eigenda/disperser/common/v2/blobstore/dynamo_metadata_store.go:955.2,955.12 1 1
github.com/Layr-Labs/eigenda/disperser/common/v2/blobstore/dynamo_metadata_store.go:958.160,968.16 2 1
github.com/Layr-Labs/eigenda/disperser/common/v2/blobstore/dynamo_metadata_store.go:968.16,970.3 1 0
github.com/Layr-Labs/eigenda/disperser/common/v2/blobstore/dynamo_metadata_store.go:972.2,972.17 1 1
github.com/Layr-Labs/eigenda/disperser/common/v2/blobstore/dynamo_metadata_store.go:972.17,974.3 1 0
github.com/Layr-Labs/eigenda/disperser/common/v2/blobstore/dynamo_metadata_store.go:976.2,977.16 2 1
github.com/Layr-Labs/eigenda/disperser/common/v2/blobstore/dynamo_metadata_store.go:977.16,979.3 1 0
github.com/Layr-Labs/eigenda/disperser/common/v2/blobstore/dynamo_metadata_store.go:981.2,981.17 1 1
github.com/Layr-Labs/eigenda/disperser/common/v2/blobstore/dynamo_metadata_store.go:984.135,994.16 2 1
github.com/Layr-Labs/eigenda/disperser/common/v2/blobstore/dynamo_metadata_store.go:994.16,996.3 1 0
github.com/Layr-Labs/eigenda/disperser/common/v2/blobstore/dynamo_metadata_store.go:998.2,998.21 1 1
github.com/Layr-Labs/eigenda/disperser/common/v2/blobstore/dynamo_metadata_store.go:998.21,1000.3 1 0
github.com/Layr-Labs/eigenda/disperser/common/v2/blobstore/dynamo_metadata_store.go:1002.2,1003.29 2 1
github.com/Layr-Labs/eigenda/disperser/common/v2/blobstore/dynamo_metadata_store.go:1003.29,1005.17 2 1
github.com/Layr-Labs/eigenda/disperser/common/v2/blobstore/dynamo_metadata_store.go:1005.17,1007.4 1 0
github.com/Layr-Labs/eigenda/disperser/common/v2/blobstore/dynamo_metadata_store.go:1010.2,1010.23 1 1
github.com/Layr-Labs/eigenda/disperser/common/v2/blobstore/dynamo_metadata_store.go:1013.86,1015.16 2 1
github.com/Layr-Labs/eigenda/disperser/common/v2/blobstore/dynamo_metadata_store.go:1015.16,1017.3 1 0
github.com/Layr-Labs/eigenda/disperser/common/v2/blobstore/dynamo_metadata_store.go:1019.2,1020.55 2 1
github.com/Layr-Labs/eigenda/disperser/common/v2/blobstore/dynamo_metadata_store.go:1020.55,1022.3 1 0
github.com/Layr-Labs/eigenda/disperser/common/v2/blobstore/dynamo_metadata_store.go:1024.2,1024.12 1 1
github.com/Layr-Labs/eigenda/disperser/common/v2/blobstore/dynamo_metadata_store.go:1027.108,1037.16 2 1
github.com/Layr-Labs/eigenda/disperser/common/v2/blobstore/dynamo_metadata_store.go:1037.16,1039.3 1 0
github.com/Layr-Labs/eigenda/disperser/common/v2/blobstore/dynamo_metadata_store.go:1041.2,1041.17 1 1
github.com/Layr-Labs/eigenda/disperser/common/v2/blobstore/dynamo_metadata_store.go:1041.17,1043.3 1 0
github.com/Layr-Labs/eigenda/disperser/common/v2/blobstore/dynamo_metadata_store.go:1045.2,1046.16 2 1
github.com/Layr-Labs/eigenda/disperser/common/v2/blobstore/dynamo_metadata_store.go:1046.16,1048.3 1 0
github.com/Layr-Labs/eigenda/disperser/common/v2/blobstore/dynamo_metadata_store.go:1050.2,1050.19 1 1
github.com/Layr-Labs/eigenda/disperser/common/v2/blobstore/dynamo_metadata_store.go:1053.104,1055.16 2 1
github.com/Layr-Labs/eigenda/disperser/common/v2/blobstore/dynamo_metadata_store.go:1055.16,1057.3 1 0
github.com/Layr-Labs/eigenda/disperser/common/v2/blobstore/dynamo_metadata_store.go:1059.2,1060.55 2 1
github.com/Layr-Labs/eigenda/disperser/common/v2/blobstore/dynamo_metadata_store.go:1060.55,1062.3 1 1
github.com/Layr-Labs/eigenda/disperser/common/v2/blobstore/dynamo_metadata_store.go:1064.2,1064.12 1 1
github.com/Layr-Labs/eigenda/disperser/common/v2/blobstore/dynamo_metadata_store.go:1067.100,1078.2 2 0
github.com/Layr-Labs/eigenda/disperser/common/v2/blobstore/dynamo_metadata_store.go:1080.120,1090.16 2 1
github.com/Layr-Labs/eigenda/disperser/common/v2/blobstore/dynamo_metadata_store.go:1090.16,1092.3 1 0
github.com/Layr-Labs/eigenda/disperser/common/v2/blobstore/dynamo_metadata_store.go:1094.2,1094.17 1 1
github.com/Layr-Labs/eigenda/disperser/common/v2/blobstore/dynamo_metadata_store.go:1094.17,1096.3 1 0
github.com/Layr-Labs/eigenda/disperser/common/v2/blobstore/dynamo_metadata_store.go:1098.2,1099.16 2 1
github.com/Layr-Labs/eigenda/disperser/common/v2/blobstore/dynamo_metadata_store.go:1099.16,1101.3 1 0
github.com/Layr-Labs/eigenda/disperser/common/v2/blobstore/dynamo_metadata_store.go:1103.2,1103.20 1 1
github.com/Layr-Labs/eigenda/disperser/common/v2/blobstore/dynamo_metadata_store.go:1106.104,1108.16 2 1
github.com/Layr-Labs/eigenda/disperser/common/v2/blobstore/dynamo_metadata_store.go:1108.16,1110.3 1 0
github.com/Layr-Labs/eigenda/disperser/common/v2/blobstore/dynamo_metadata_store.go:1113.2,1114.12 2 1
github.com/Layr-Labs/eigenda/disperser/common/v2/blobstore/dynamo_metadata_store.go:1117.120,1132.16 3 1
github.com/Layr-Labs/eigenda/disperser/common/v2/blobstore/dynamo_metadata_store.go:1132.16,1134.3 1 0
github.com/Layr-Labs/eigenda/disperser/common/v2/blobstore/dynamo_metadata_store.go:1136.2,1136.17 1 1
github.com/Layr-Labs/eigenda/disperser/common/v2/blobstore/dynamo_metadata_store.go:1136.17,1138.3 1 0
github.com/Layr-Labs/eigenda/disperser/common/v2/blobstore/dynamo_metadata_store.go:1140.2,1141.16 2 1
github.com/Layr-Labs/eigenda/disperser/common/v2/blobstore/dynamo_metadata_store.go:1141.16,1143.3 1 0
github.com/Layr-Labs/eigenda/disperser/common/v2/blobstore/dynamo_metadata_store.go:1145.2,1145.25 1 1
github.com/Layr-Labs/eigenda/disperser/common/v2/blobstore/dynamo_metadata_store.go:1148.118,1150.16 2 1
github.com/Layr-Labs/eigenda/disperser/common/v2/blobstore/dynamo_metadata_store.go:1150.16,1152.3 1 0
github.com/Layr-Labs/eigenda/disperser/common/v2/blobstore/dynamo_metadata_store.go:1154.2,1155.55 2 1
github.com/Layr-Labs/eigenda/disperser/common/v2/blobstore/dynamo_metadata_store.go:1155.55,1157.3 1 1
github.com/Layr-Labs/eigenda/disperser/common/v2/blobstore/dynamo_metadata_store.go:1159.2,1159.12 1 1
github.com/Layr-Labs/eigenda/disperser/common/v2/blobstore/dynamo_metadata_store.go:1164.122,1166.38 2 1
github.com/Layr-Labs/eigenda/disperser/common/v2/blobstore/dynamo_metadata_store.go:1166.38,1168.17 2 1
github.com/Layr-Labs/eigenda/disperser/common/v2/blobstore/dynamo_metadata_store.go:1168.17,1170.4 1 0
github.com/Layr-Labs/eigenda/disperser/common/v2/blobstore/dynamo_metadata_store.go:1171.3,1171.18 1 1
github.com/Layr-Labs/eigenda/disperser/common/v2/blobstore/dynamo_metadata_store.go:1174.2,1175.34 2 1
github.com/Layr-Labs/eigenda/disperser/common/v2/blobstore/dynamo_metadata_store.go:1175.34,1177.17 2 1
github.com/Layr-Labs/eigenda/disperser/common/v2/blobstore/dynamo_metadata_store.go:1177.17,1179.4 1 1
github.com/Layr-Labs/eigenda/disperser/common/v2/blobstore/dynamo_metadata_store.go:1181.3,1181.27 1 1
github.com/Layr-Labs/eigenda/disperser/common/v2/blobstore/dynamo_metadata_store.go:1181.27,1185.4 3 1
github.com/Layr-Labs/eigenda/disperser/common/v2/blobstore/dynamo_metadata_store.go:1185.9,1187.4 1 1
github.com/Layr-Labs/eigenda/disperser/common/v2/blobstore/dynamo_metadata_store.go:1190.2,1190.12 1 0
github.com/Layr-Labs/eigenda/disperser/common/v2/blobstore/dynamo_metadata_store.go:1193.156,1204.16 3 1
github.com/Layr-Labs/eigenda/disperser/common/v2/blobstore/dynamo_metadata_store.go:1204.16,1206.3 1 0
github.com/Layr-Labs/eigenda/disperser/common/v2/blobstore/dynamo_metadata_store.go:1208.2,1208.17 1 1
github.com/Layr-Labs/eigenda/disperser/common/v2/blobstore/dynamo_metadata_store.go:1208.17,1210.3 1 0
github.com/Layr-Labs/eigenda/disperser/common/v2/blobstore/dynamo_metadata_store.go:1212.2,1213.16 2 1
github.com/Layr-Labs/eigenda/disperser/common/v2/blobstore/dynamo_metadata_store.go:1213.16,1215.3 1 0
github.com/Layr-Labs/eigenda/disperser/common/v2/blobstore/dynamo_metadata_store.go:1217.2,1217.18 1 1
github.com/Layr-Labs/eigenda/disperser/common/v2/blobstore/dynamo_metadata_store.go:1220.130,1222.16 2 1
github.com/Layr-Labs/eigenda/disperser/common/v2/blobstore/dynamo_metadata_store.go:1222.16,1225.3 2 0
github.com/Layr-Labs/eigenda/disperser/common/v2/blobstore/dynamo_metadata_store.go:1227.2,1227.34 1 1
github.com/Layr-Labs/eigenda/disperser/common/v2/blobstore/dynamo_metadata_store.go:1227.34,1230.3 2 0
github.com/Layr-Labs/eigenda/disperser/common/v2/blobstore/dynamo_metadata_store.go:1232.2,1232.33 1 1
github.com/Layr-Labs/eigenda/disperser/common/v2/blobstore/dynamo_metadata_store.go:1232.33,1234.3 1 0
github.com/Layr-Labs/eigenda/disperser/common/v2/blobstore/dynamo_metadata_store.go:1236.2,1236.51 1 1
github.com/Layr-Labs/eigenda/disperser/common/v2/blobstore/dynamo_metadata_store.go:1236.51,1239.17 2 1
github.com/Layr-Labs/eigenda/disperser/common/v2/blobstore/dynamo_metadata_store.go:1239.17,1241.12 2 0
github.com/Layr-Labs/eigenda/disperser/common/v2/blobstore/dynamo_metadata_store.go:1243.3,1244.17 2 1
github.com/Layr-Labs/eigenda/disperser/common/v2/blobstore/dynamo_metadata_store.go:1244.17,1246.12 2 1
github.com/Layr-Labs/eigenda/disperser/common/v2/blobstore/dynamo_metadata_store.go:1249.3,1252.9 1 1
github.com/Layr-Labs/eigenda/disperser/common/v2/blobstore/dynamo_metadata_store.go:1255.2,1255.84 1 1
github.com/Layr-Labs/eigenda/disperser/common/v2/blobstore/dynamo_metadata_store.go:1258.133,1268.16 2 1
github.com/Layr-Labs/eigenda/disperser/common/v2/blobstore/dynamo_metadata_store.go:1268.16,1270.3 1 0
github.com/Layr-Labs/eigenda/disperser/common/v2/blobstore/dynamo_metadata_store.go:1272.2,1272.21 1 1
github.com/Layr-Labs/eigenda/disperser/common/v2/blobstore/dynamo_metadata_store.go:1272.21,1274.3 1 0
github.com/Layr-Labs/eigenda/disperser/common/v2/blobstore/dynamo_metadata_store.go:1276.2,1277.29 2 1
github.com/Layr-Labs/eigenda/disperser/common/v2/blobstore/dynamo_metadata_store.go:1277.29,1279.17 2 1
github.com/Layr-Labs/eigenda/disperser/common/v2/blobstore/dynamo_metadata_store.go:1279.17,1281.4 1 0
github.com/Layr-Labs/eigenda/disperser/common/v2/blobstore/dynamo_metadata_store.go:1284.2,1284.23 1 1
github.com/Layr-Labs/eigenda/disperser/common/v2/blobstore/dynamo_metadata_store.go:1287.141,1300.16 3 1
github.com/Layr-Labs/eigenda/disperser/common/v2/blobstore/dynamo_metadata_store.go:1300.16,1302.3 1 0
github.com/Layr-Labs/eigenda/disperser/common/v2/blobstore/dynamo_metadata_store.go:1304.2,1304.21 1 1
github.com/Layr-Labs/eigenda/disperser/common/v2/blobstore/dynamo_metadata_store.go:1304.21,1306.3 1 0
github.com/Layr-Labs/eigenda/disperser/common/v2/blobstore/dynamo_metadata_store.go:1308.2,1310.29 3 1
github.com/Layr-Labs/eigenda/disperser/common/v2/blobstore/dynamo_metadata_store.go:1310.29,1312.10 2 1
github.com/Layr-Labs/eigenda/disperser/common/v2/blobstore/dynamo_metadata_store.go:1312.10,1314.4 1 0
github.com/Layr-Labs/eigenda/disperser/common/v2/blobstore/dynamo_metadata_store.go:1315.3,1315.49 1 1
github.com/Layr-Labs/eigenda/disperser/common/v2/blobstore/dynamo_metadata_store.go:1315.49,1317.18 2 1
github.com/Layr-Labs/eigenda/disperser/common/v2/blobstore/dynamo_metadata_store.go:1317.18,1319.5 1 0
github.com/Layr-Labs/eigenda/disperser/common/v2/blobstore/dynamo_metadata_store.go:1320.9,1320.56 1 1
github.com/Layr-Labs/eigenda/disperser/common/v2/blobstore/dynamo_metadata_store.go:1320.56,1322.18 2 1
github.com/Layr-Labs/eigenda/disperser/common/v2/blobstore/dynamo_metadata_store.go:1322.18,1324.5 1 0
github.com/Layr-Labs/eigenda/disperser/common/v2/blobstore/dynamo_metadata_store.go:1328.2,1328.19 1 1
github.com/Layr-Labs/eigenda/disperser/common/v2/blobstore/dynamo_metadata_store.go:1328.19,1330.3 1 0
github.com/Layr-Labs/eigenda/disperser/common/v2/blobstore/dynamo_metadata_store.go:1332.2,1332.24 1 1
github.com/Layr-Labs/eigenda/disperser/common/v2/blobstore/dynamo_metadata_store.go:1332.24,1334.3 1 1
github.com/Layr-Labs/eigenda/disperser/common/v2/blobstore/dynamo_metadata_store.go:1336.2,1336.33 1 1
github.com/Layr-Labs/eigenda/disperser/common/v2/blobstore/dynamo_metadata_store.go:1339.122,1535.2 1 1
github.com/Layr-Labs/eigenda/disperser/common/v2/blobstore/dynamo_metadata_store.go:1537.82,1539.16 2 1
github.com/Layr-Labs/eigenda/disperser/common/v2/blobstore/dynamo_metadata_store.go:1539.16,1541.3 1 0
github.com/Layr-Labs/eigenda/disperser/common/v2/blobstore/dynamo_metadata_store.go:1544.2,1545.16 2 1
github.com/Layr-Labs/eigenda/disperser/common/v2/blobstore/dynamo_metadata_store.go:1545.16,1547.3 1 0
github.com/Layr-Labs/eigenda/disperser/common/v2/blobstore/dynamo_metadata_store.go:1548.2,1554.20 6 1
github.com/Layr-Labs/eigenda/disperser/common/v2/blobstore/dynamo_metadata_store.go:1557.73,1564.16 4 1
github.com/Layr-Labs/eigenda/disperser/common/v2/blobstore/dynamo_metadata_store.go:1564.16,1566.3 1 0
github.com/Layr-Labs/eigenda/disperser/common/v2/blobstore/dynamo_metadata_store.go:1568.2,1569.32 2 1
github.com/Layr-Labs/eigenda/disperser/common/v2/blobstore/dynamo_metadata_store.go:1572.80,1575.16 3 1
github.com/Layr-Labs/eigenda/disperser/common/v2/blobstore/dynamo_metadata_store.go:1575.16,1577.3 1 0
github.com/Layr-Labs/eigenda/disperser/common/v2/blobstore/dynamo_metadata_store.go:1578.2,1578.23 1 1
github.com/Layr-Labs/eigenda/disperser/common/v2/blobstore/dynamo_metadata_store.go:1581.129,1583.16 2 1
github.com/Layr-Labs/eigenda/disperser/common/v2/blobstore/dynamo_metadata_store.go:1583.16,1585.3 1 0
github.com/Layr-Labs/eigenda/disperser/common/v2/blobstore/dynamo_metadata_store.go:1588.2,1589.16 2 1
github.com/Layr-Labs/eigenda/disperser/common/v2/blobstore/dynamo_metadata_store.go:1589.16,1591.3 1 0
github.com/Layr-Labs/eigenda/disperser/common/v2/blobstore/dynamo_metadata_store.go:1592.2,1592.39 1 1
github.com/Layr-Labs/eigenda/disperser/common/v2/blobstore/dynamo_metadata_store.go:1592.39,1594.3 1 1
github.com/Layr-Labs/eigenda/disperser/common/v2/blobstore/dynamo_metadata_store.go:1597.2,1598.16 2 1
github.com/Layr-Labs/eigenda/disperser/common/v2/blobstore/dynamo_metadata_store.go:1598.16,1600.3 1 0
github.com/Layr-Labs/eigenda/disperser/common/v2/blobstore/dynamo_metadata_store.go:1601.2,1604.20 3 1
github.com/Layr-Labs/eigenda/disperser/common/v2/blobstore/dynamo_metadata_store.go:1607.114,1610.16 3 1
github.com/Layr-Labs/eigenda/disperser/common/v2/blobstore/dynamo_metadata_store.go:1610.16,1612.3 1 0
github.com/Layr-Labs/eigenda/disperser/common/v2/blobstore/dynamo_metadata_store.go:1613.2,1615.16 3 1
github.com/Layr-Labs/eigenda/disperser/common/v2/blobstore/dynamo_metadata_store.go:1615.16,1617.3 1 0
github.com/Layr-Labs/eigenda/disperser/common/v2/blobstore/dynamo_metadata_store.go:1618.2,1618.34 1 1
github.com/Layr-Labs/eigenda/disperser/common/v2/blobstore/dynamo_metadata_store.go:1621.75,1628.16 4 0
github.com/Layr-Labs/eigenda/disperser/common/v2/blobstore/dynamo_metadata_store.go:1628.16,1630.3 1 0
github.com/Layr-Labs/eigenda/disperser/common/v2/blobstore/dynamo_metadata_store.go:1632.2,1633.24 2 0
github.com/Layr-Labs/eigenda/disperser/common/v2/blobstore/dynamo_metadata_store.go:1636.76,1643.16 4 0
github.com/Layr-Labs/eigenda/disperser/common/v2/blobstore/dynamo_metadata_store.go:1643.16,1645.3 1 0
github.com/Layr-Labs/eigenda/disperser/common/v2/blobstore/dynamo_metadata_store.go:1647.2,1647.36 1 0
github.com/Layr-Labs/eigenda/disperser/common/v2/blobstore/dynamo_metadata_store.go:1650.68,1657.16 4 0
github.com/Layr-Labs/eigenda/disperser/common/v2/blobstore/dynamo_metadata_store.go:1657.16,1659.3 1 0
github.com/Layr-Labs/eigenda/disperser/common/v2/blobstore/dynamo_metadata_store.go:1661.2,1661.28 1 0
github.com/Layr-Labs/eigenda/disperser/common/v2/blobstore/dynamo_metadata_store.go:1664.78,1671.16 4 1
github.com/Layr-Labs/eigenda/disperser/common/v2/blobstore/dynamo_metadata_store.go:1671.16,1673.3 1 0
github.com/Layr-Labs/eigenda/disperser/common/v2/blobstore/dynamo_metadata_store.go:1676.2,1677.64 2 1
github.com/Layr-Labs/eigenda/disperser/common/v2/blobstore/dynamo_metadata_store.go:1677.64,1679.3 1 1
github.com/Layr-Labs/eigenda/disperser/common/v2/blobstore/dynamo_metadata_store.go:1679.8,1681.3 1 1
github.com/Layr-Labs/eigenda/disperser/common/v2/blobstore/dynamo_metadata_store.go:1683.2,1684.16 2 1
github.com/Layr-Labs/eigenda/disperser/common/v2/blobstore/dynamo_metadata_store.go:1684.16,1686.3 1 0
github.com/Layr-Labs/eigenda/disperser/common/v2/blobstore/dynamo_metadata_store.go:1688.2,1688.25 1 1
github.com/Layr-Labs/eigenda/disperser/common/v2/blobstore/dynamo_metadata_store.go:1691.89,1693.16 2 1
github.com/Layr-Labs/eigenda/disperser/common/v2/blobstore/dynamo_metadata_store.go:1693.16,1695.3 1 0
github.com/Layr-Labs/eigenda/disperser/common/v2/blobstore/dynamo_metadata_store.go:1697.2,1698.16 2 1
github.com/Layr-Labs/eigenda/disperser/common/v2/blobstore/dynamo_metadata_store.go:1698.16,1700.3 1 0
github.com/Layr-Labs/eigenda/disperser/common/v2/blobstore/dynamo_metadata_store.go:1701.2,1707.20 5 1
github.com/Layr-Labs/eigenda/disperser/common/v2/blobstore/dynamo_metadata_store.go:1710.92,1713.16 3 1
github.com/Layr-Labs/eigenda/disperser/common/v2/blobstore/dynamo_metadata_store.go:1713.16,1715.3 1 0
github.com/Layr-Labs/eigenda/disperser/common/v2/blobstore/dynamo_metadata_store.go:1717.2,1718.16 2 1
github.com/Layr-Labs/eigenda/disperser/common/v2/blobstore/dynamo_metadata_store.go:1718.16,1720.3 1 0
github.com/Layr-Labs/eigenda/disperser/common/v2/blobstore/dynamo_metadata_store.go:1721.2,1723.18 2 1
github.com/Layr-Labs/eigenda/disperser/common/v2/blobstore/dynamo_metadata_store.go:1726.91,1728.16 2 1
github.com/Layr-Labs/eigenda/disperser/common/v2/blobstore/dynamo_metadata_store.go:1728.16,1730.3 1 0
github.com/Layr-Labs/eigenda/disperser/common/v2/blobstore/dynamo_metadata_store.go:1732.2,1733.16 2 1
github.com/Layr-Labs/eigenda/disperser/common/v2/blobstore/dynamo_metadata_store.go:1733.16,1735.3 1 0
github.com/Layr-Labs/eigenda/disperser/common/v2/blobstore/dynamo_metadata_store.go:1736.2,1742.20 5 1
github.com/Layr-Labs/eigenda/disperser/common/v2/blobstore/dynamo_metadata_store.go:1745.94,1748.16 3 1
github.com/Layr-Labs/eigenda/disperser/common/v2/blobstore/dynamo_metadata_store.go:1748.16,1750.3 1 0
github.com/Layr-Labs/eigenda/disperser/common/v2/blobstore/dynamo_metadata_store.go:1752.2,1753.16 2 1
github.com/Layr-Labs/eigenda/disperser/common/v2/blobstore/dynamo_metadata_store.go:1753.16,1755.3 1 0
github.com/Layr-Labs/eigenda/disperser/common/v2/blobstore/dynamo_metadata_store.go:1756.2,1758.18 2 1
github.com/Layr-Labs/eigenda/disperser/common/v2/blobstore/dynamo_metadata_store.go:1761.87,1763.16 2 1
github.com/Layr-Labs/eigenda/disperser/common/v2/blobstore/dynamo_metadata_store.go:1763.16,1765.3 1 0
github.com/Layr-Labs/eigenda/disperser/common/v2/blobstore/dynamo_metadata_store.go:1767.2,1768.16 2 1
github.com/Layr-Labs/eigenda/disperser/common/v2/blobstore/dynamo_metadata_store.go:1768.16,1770.3 1 0
github.com/Layr-Labs/eigenda/disperser/common/v2/blobstore/dynamo_metadata_store.go:1771.2,1776.20 4 1
github.com/Layr-Labs/eigenda/disperser/common/v2/blobstore/dynamo_metadata_store.go:1779.82,1782.16 3 1
github.com/Layr-Labs/eigenda/disperser/common/v2/blobstore/dynamo_metadata_store.go:1782.16,1784.3 1 0
github.com/Layr-Labs/eigenda/disperser/common/v2/blobstore/dynamo_metadata_store.go:1786.2,1786.21 1 1
github.com/Layr-Labs/eigenda/disperser/common/v2/blobstore/dynamo_metadata_store.go:1789.69,1791.16 2 1
github.com/Layr-Labs/eigenda/disperser/common/v2/blobstore/dynamo_metadata_store.go:1791.16,1793.3 1 0
github.com/Layr-Labs/eigenda/disperser/common/v2/blobstore/dynamo_metadata_store.go:1795.2,1796.16 2 1
github.com/Layr-Labs/eigenda/disperser/common/v2/blobstore/dynamo_metadata_store.go:1796.16,1798.3 1 0
github.com/Layr-Labs/eigenda/disperser/common/v2/blobstore/dynamo_metadata_store.go:1799.2,1804.20 4 1
github.com/Layr-Labs/eigenda/disperser/common/v2/blobstore/dynamo_metadata_store.go:1807.70,1810.16 3 1
github.com/Layr-Labs/eigenda/disperser/common/v2/blobstore/dynamo_metadata_store.go:1810.16,1812.3 1 0
github.com/Layr-Labs/eigenda/disperser/common/v2/blobstore/dynamo_metadata_store.go:1814.2,1814.20 1 1
github.com/Layr-Labs/eigenda/disperser/common/v2/blobstore/dynamo_metadata_store.go:1817.101,1819.16 2 1
github.com/Layr-Labs/eigenda/disperser/common/v2/blobstore/dynamo_metadata_store.go:1819.16,1821.3 1 0
github.com/Layr-Labs/eigenda/disperser/common/v2/blobstore/dynamo_metadata_store.go:1823.2,1824.16 2 1
github.com/Layr-Labs/eigenda/disperser/common/v2/blobstore/dynamo_metadata_store.go:1824.16,1826.3 1 0
github.com/Layr-Labs/eigenda/disperser/common/v2/blobstore/dynamo_metadata_store.go:1827.2,1832.20 4 1
github.com/Layr-Labs/eigenda/disperser/common/v2/blobstore/dynamo_metadata_store.go:1835.94,1838.16 3 1
github.com/Layr-Labs/eigenda/disperser/common/v2/blobstore/dynamo_metadata_store.go:1838.16,1840.3 1 0
github.com/Layr-Labs/eigenda/disperser/common/v2/blobstore/dynamo_metadata_store.go:1842.2,1842.28 1 1
github.com/Layr-Labs/eigenda/disperser/common/v2/blobstore/dynamo_metadata_store.go:1845.87,1847.16 2 1
github.com/Layr-Labs/eigenda/disperser/common/v2/blobstore/dynamo_metadata_store.go:1847.16,1849.3 1 0
github.com/Layr-Labs/eigenda/disperser/common/v2/blobstore/dynamo_metadata_store.go:1851.2,1852.16 2 1
github.com/Layr-Labs/eigenda/disperser/common/v2/blobstore/dynamo_metadata_store.go:1852.16,1854.3 1 0
github.com/Layr-Labs/eigenda/disperser/common/v2/blobstore/dynamo_metadata_store.go:1855.2,1860.20 5 1
github.com/Layr-Labs/eigenda/disperser/common/v2/blobstore/dynamo_metadata_store.go:1863.82,1866.16 3 1
github.com/Layr-Labs/eigenda/disperser/common/v2/blobstore/dynamo_metadata_store.go:1866.16,1868.3 1 0
github.com/Layr-Labs/eigenda/disperser/common/v2/blobstore/dynamo_metadata_store.go:1870.2,1870.26 1 1
github.com/Layr-Labs/eigenda/disperser/common/v2/blobstore/metadata_store.go:139.87,140.39 1 1
github.com/Layr-Labs/eigenda/disperser/common/v2/blobstore/metadata_store.go:140.39,142.3 1 1
github.com/Layr-Labs/eigenda/disperser/common/v2/blobstore/metadata_store.go:145.2,145.45 1 1
github.com/Layr-Labs/eigenda/disperser/common/v2/blobstore/metadata_store.go:145.45,147.3 1 1
github.com/Layr-Labs/eigenda/disperser/common/v2/blobstore/metadata_store.go:150.2,150.45 1 1
github.com/Layr-Labs/eigenda/disperser/common/v2/blobstore/metadata_store.go:150.45,152.3 1 1
github.com/Layr-Labs/eigenda/disperser/common/v2/blobstore/metadata_store.go:154.2,154.46 1 1
github.com/Layr-Labs/eigenda/disperser/common/v2/blobstore/metadata_store.go:159.68,160.18 1 1
github.com/Layr-Labs/eigenda/disperser/common/v2/blobstore/metadata_store.go:160.18,162.3 1 0
github.com/Layr-Labs/eigenda/disperser/common/v2/blobstore/metadata_store.go:165.2,165.45 1 1
github.com/Layr-Labs/eigenda/disperser/common/v2/blobstore/metadata_store.go:165.45,167.3 1 1
github.com/Layr-Labs/eigenda/disperser/common/v2/blobstore/metadata_store.go:170.2,170.51 1 1
github.com/Layr-Labs/eigenda/disperser/common/v2/blobstore/metadata_store.go:170.51,172.3 1 1
github.com/Layr-Labs/eigenda/disperser/common/v2/blobstore/metadata_store.go:175.2,175.51 1 1
github.com/Layr-Labs/eigenda/disperser/common/v2/blobstore/metadata_store.go:175.51,177.3 1 1
github.com/Layr-Labs/eigenda/disperser/common/v2/blobstore/metadata_store.go:178.2,178.51 1 1
github.com/Layr-Labs/eigenda/disperser/common/v2/blobstore/metadata_store.go:178.51,180.3 1 1
github.com/Layr-Labs/eigenda/disperser/common/v2/blobstore/metadata_store.go:183.2,183.14 1 1
github.com/Layr-Labs/eigenda/disperser/common/v2/blobstore/metadata_store.go:190.52,192.2 1 1
github.com/Layr-Labs/eigenda/disperser/common/v2/blobstore/metadata_store.go:195.86,197.16 2 1
github.com/Layr-Labs/eigenda/disperser/common/v2/blobstore/metadata_store.go:197.16,199.3 1 0
github.com/Layr-Labs/eigenda/disperser/common/v2/blobstore/metadata_store.go:200.2,203.8 1 1
github.com/Layr-Labs/eigenda/disperser/common/v2/blobstore/metadata_store.go:208.78,213.31 4 1
github.com/Layr-Labs/eigenda/disperser/common/v2/blobstore/metadata_store.go:213.31,215.3 1 1
github.com/Layr-Labs/eigenda/disperser/common/v2/blobstore/metadata_store.go:217.2,218.19 2 1
github.com/Layr-Labs/eigenda/disperser/common/v2/blobstore/metadata_store.go:218.19,220.3 1 1
github.com/Layr-Labs/eigenda/disperser/common/v2/blobstore/metadata_store.go:222.2,222.31 1 1
github.com/Layr-Labs/eigenda/disperser/common/v2/blobstore/metadata_store.go:227.77,232.31 4 1
github.com/Layr-Labs/eigenda/disperser/common/v2/blobstore/metadata_store.go:232.31,234.3 1 1
github.com/Layr-Labs/eigenda/disperser/common/v2/blobstore/metadata_store.go:236.2,237.19 2 1
github.com/Layr-Labs/eigenda/disperser/common/v2/blobstore/metadata_store.go:237.19,239.3 1 1
github.com/Layr-Labs/eigenda/disperser/common/v2/blobstore/metadata_store.go:241.2,241.31 1 1
github.com/Layr-Labs/eigenda/disperser/common/v2/blobstore/metadata_store.go:246.82,252.20 3 1
github.com/Layr-Labs/eigenda/disperser/common/v2/blobstore/metadata_store.go:252.20,254.3 1 1
github.com/Layr-Labs/eigenda/disperser/common/v2/blobstore/metadata_store.go:256.2,256.35 1 1
github.com/Layr-Labs/eigenda/disperser/common/v2/blobstore/metadata_store.go:260.79,263.16 2 1
github.com/Layr-Labs/eigenda/disperser/common/v2/blobstore/metadata_store.go:263.16,265.3 1 0
github.com/Layr-Labs/eigenda/disperser/common/v2/blobstore/metadata_store.go:268.2,268.22 1 1
github.com/Layr-Labs/eigenda/disperser/common/v2/blobstore/metadata_store.go:268.22,270.3 1 0
github.com/Layr-Labs/eigenda/disperser/common/v2/blobstore/metadata_store.go:273.2,277.34 3 1
github.com/Layr-Labs/eigenda/disperser/common/v2/blobstore/metadata_store.go:277.34,278.20 1 1
github.com/Layr-Labs/eigenda/disperser/common/v2/blobstore/metadata_store.go:278.20,280.9 2 1
github.com/Layr-Labs/eigenda/disperser/common/v2/blobstore/metadata_store.go:284.2,284.14 1 1
github.com/Layr-Labs/eigenda/disperser/common/v2/blobstore/metadata_store.go:284.14,286.3 1 1
github.com/Layr-Labs/eigenda/disperser/common/v2/blobstore/metadata_store.go:287.2,289.30 3 1
github.com/Layr-Labs/eigenda/disperser/common/v2/blobstore/metadata_store.go:292.44,296.16 4 0
github.com/Layr-Labs/eigenda/disperser/common/v2/blobstore/metadata_store.go:296.16,298.3 1 0
github.com/Layr-Labs/eigenda/disperser/common/v2/blobstore/metadata_store.go:299.2,299.25 1 0
github.com/Layr-Labs/eigenda/disperser/common/v2/blobstore/metadata_store.go:304.63,306.2 1 1
github.com/Layr-Labs/eigenda/disperser/common/v2/blobstore/metadata_store.go:308.58,311.2 2 1
github.com/Layr-Labs/eigenda/disperser/common/v2/blobstore/metadata_store.go:313.56,316.2 2 1
github.com/Layr-Labs/eigenda/disperser/common/v2/blobstore/postgres_metadata_store.go:36.54,38.2 1 0
github.com/Layr-Labs/eigenda/disperser/common/v2/blobstore/postgres_metadata_store.go:51.119,58.16 3 0
github.com/Layr-Labs/eigenda/disperser/common/v2/blobstore/postgres_metadata_store.go:58.16,60.3 1 0
github.com/Layr-Labs/eigenda/disperser/common/v2/blobstore/postgres_metadata_store.go:63.2,73.43 5 0
github.com/Layr-Labs/eigenda/disperser/common/v2/blobstore/postgres_metadata_store.go:73.43,75.3 1 0
github.com/Layr-Labs/eigenda/disperser/common/v2/blobstore/postgres_metadata_store.go:77.2,77.19 1 0
github.com/Layr-Labs/eigenda/disperser/common/v2/blobstore/postgres_metadata_store.go:81.56,99.16 2 0
github.com/Layr-Labs/eigenda/disperser/common/v2/blobstore/postgres_metadata_store.go:99.16,101.3 1 0
github.com/Layr-Labs/eigenda/disperser/common/v2/blobstore/postgres_metadata_store.go:104.2,111.16 2 0
github.com/Layr-Labs/eigenda/disperser/common/v2/blobstore/postgres_metadata_store.go:111.16,113.3 1 0
github.com/Layr-Labs/eigenda/disperser/common/v2/blobstore/postgres_metadata_store.go:116.2,122.16 2 0
github.com/Layr-Labs/eigenda/disperser/common/v2/blobstore/postgres_metadata_store.go:122.16,124.3 1 0
github.com/Layr-Labs/eigenda/disperser/common/v2/blobstore/postgres_metadata_store.go:127.2,133.16 2 0
github.com/Layr-Labs/eigenda/disperser/common/v2/blobstore/postgres_metadata_store.go:133.16,135.3 1 0
github.com/Layr-Labs/eigenda/disperser/common/v2/blobstore/postgres_metadata_store.go:138.2,149.16 2 0
github.com/Layr-Labs/eigenda/disperser/common/v2/blobstore/postgres_metadata_store.go:149.16,151.3 1 0
github.com/Layr-Labs/eigenda/disperser/common/v2/blobstore/postgres_metadata_store.go:154.2,165.16 2 0
github.com/Layr-Labs/eigenda/disperser/common/v2/blobstore/postgres_metadata_store.go:165.16,167.3 1 0
github.com/Layr-Labs/eigenda/disperser/common/v2/blobstore/postgres_metadata_store.go:170.2,180.16 2 0
github.com/Layr-Labs/eigenda/disperser/common/v2/blobstore/postgres_metadata_store.go:180.16,182.3 1 0
github.com/Layr-Labs/eigenda/disperser/common/v2/blobstore/postgres_metadata_store.go:185.2,193.16 2 0
github.com/Layr-Labs/eigenda/disperser/common/v2/blobstore/postgres_metadata_store.go:193.16,195.3 1 0
github.com/Layr-Labs/eigenda/disperser/common/v2/blobstore/postgres_metadata_store.go:197.2,197.12 1 0
github.com/Layr-Labs/eigenda/disperser/common/v2/blobstore/postgres_metadata_store.go:201.112,205.16 4 0
github.com/Layr-Labs/eigenda/disperser/common/v2/blobstore/postgres_metadata_store.go:205.16,207.3 1 0
github.com/Layr-Labs/eigenda/disperser/common/v2/blobstore/postgres_metadata_store.go:208.2,208.20 1 0
github.com/Layr-Labs/eigenda/disperser/common/v2/blobstore/postgres_metadata_store.go:212.124,222.16 4 0
github.com/Layr-Labs/eigenda/disperser/common/v2/blobstore/postgres_metadata_store.go:222.16,223.36 1 0
github.com/Layr-Labs/eigenda/disperser/common/v2/blobstore/postgres_metadata_store.go:223.36,225.4 1 0
github.com/Layr-Labs/eigenda/disperser/common/v2/blobstore/postgres_metadata_store.go:226.3,226.65 1 0
github.com/Layr-Labs/eigenda/disperser/common/v2/blobstore/postgres_metadata_store.go:229.2,237.16 3 0
github.com/Layr-Labs/eigenda/disperser/common/v2/blobstore/postgres_metadata_store.go:237.16,239.3 1 0
github.com/Layr-Labs/eigenda/disperser/common/v2/blobstore/postgres_metadata_store.go:241.2,241.22 1 0
github.com/Layr-Labs/eigenda/disperser/common/v2/blobstore/postgres_metadata_store.go:245.111,250.16 3 0
github.com/Layr-Labs/eigenda/disperser/common/v2/blobstore/postgres_metadata_store.go:250.16,252.3 1 0
github.com/Layr-Labs/eigenda/disperser/common/v2/blobstore/postgres_metadata_store.go:255.2,256.16 2 0
github.com/Layr-Labs/eigenda/disperser/common/v2/blobstore/postgres_metadata_store.go:256.16,258.3 1 0
github.com/Layr-Labs/eigenda/disperser/common/v2/blobstore/postgres_metadata_store.go:261.2,279.16 5 0
github.com/Layr-Labs/eigenda/disperser/common/v2/blobstore/postgres_metadata_store.go:279.16,281.3 1 0
github.com/Layr-Labs/eigenda/disperser/common/v2/blobstore/postgres_metadata_store.go:283.2,284.16 2 0
github.com/Layr-Labs/eigenda/disperser/common/v2/blobstore/postgres_metadata_store.go:284.16,286.3 1 0
github.com/Layr-Labs/eigenda/disperser/common/v2/blobstore/postgres_metadata_store.go:288.2,288.23 1 0
github.com/Layr-Labs/eigenda/disperser/common/v2/blobstore/postgres_metadata_store.go:288.23,290.3 1 0
github.com/Layr-Labs/eigenda/disperser/common/v2/blobstore/postgres_metadata_store.go:292.2,292.12 1 0
github.com/Layr-Labs/eigenda/disperser/common/v2/blobstore/postgres_metadata_store.go:296.127,298.29 2 0
github.com/Layr-Labs/eigenda/disperser/common/v2/blobstore/postgres_metadata_store.go:298.29,300.3 1 0
github.com/Layr-Labs/eigenda/disperser/common/v2/blobstore/postgres_metadata_store.go:303.2,307.44 4 0
github.com/Layr-Labs/eigenda/disperser/common/v2/blobstore/postgres_metadata_store.go:307.44,310.3 2 0
github.com/Layr-Labs/eigenda/disperser/common/v2/blobstore/postgres_metadata_store.go:311.2,326.16 6 0
github.com/Layr-Labs/eigenda/disperser/common/v2/blobstore/postgres_metadata_store.go:326.16,328.3 1 0
github.com/Layr-Labs/eigenda/disperser/common/v2/blobstore/postgres_metadata_store.go:330.2,331.16 2 0
github.com/Layr-Labs/eigenda/disperser/common/v2/blobstore/postgres_metadata_store.go:331.16,333.3 1 0
github.com/Layr-Labs/eigenda/disperser/common/v2/blobstore/postgres_metadata_store.go:335.2,335.23 1 0
github.com/Layr-Labs/eigenda/disperser/common/v2/blobstore/postgres_metadata_store.go:335.23,338.17 2 0
github.com/Layr-Labs/eigenda/disperser/common/v2/blobstore/postgres_metadata_store.go:338.17,340.4 1 0
github.com/Layr-Labs/eigenda/disperser/common/v2/blobstore/postgres_metadata_store.go:342.3,342.32 1 0
github.com/Layr-Labs/eigenda/disperser/common/v2/blobstore/postgres_metadata_store.go:342.32,344.4 1 0
github.com/Layr-Labs/eigenda/disperser/common/v2/blobstore/postgres_metadata_store.go:346.3,346.137 1 0
github.com/Layr-Labs/eigenda/disperser/common/v2/blobstore/postgres_metadata_store.go:349.2,349.12 1 0
github.com/Layr-Labs/eigenda/disperser/common/v2/blobstore/postgres_metadata_store.go:353.107,356.16 3 0
github.com/Layr-Labs/eigenda/disperser/common/v2/blobstore/postgres_metadata_store.go:356.16,358.3 1 0
github.com/Layr-Labs/eigenda/disperser/common/v2/blobstore/postgres_metadata_store.go:359.2,359.12 1 0
github.com/Layr-Labs/eigenda/disperser/common/v2/blobstore/postgres_metadata_store.go:370.31,371.21 1 0
github.com/Layr-Labs/eigenda/disperser/common/v2/blobstore/postgres_metadata_store.go:371.21,373.3 1 0
github.com/Layr-Labs/eigenda/disperser/common/v2/blobstore/postgres_metadata_store.go:376.2,380.16 3 0
github.com/Layr-Labs/eigenda/disperser/common/v2/blobstore/postgres_metadata_store.go:380.16,382.3 1 0
github.com/Layr-Labs/eigenda/disperser/common/v2/blobstore/postgres_metadata_store.go:385.2,386.15 2 0
github.com/Layr-Labs/eigenda/disperser/common/v2/blobstore/postgres_metadata_store.go:386.15,388.3 1 0
github.com/Layr-Labs/eigenda/disperser/common/v2/blobstore/postgres_metadata_store.go:390.2,399.16 3 0
github.com/Layr-Labs/eigenda/disperser/common/v2/blobstore/postgres_metadata_store.go:399.16,401.3 1 0
github.com/Layr-Labs/eigenda/disperser/common/v2/blobstore/postgres_metadata_store.go:402.2,405.18 3 0
github.com/Layr-Labs/eigenda/disperser/common/v2/blobstore/postgres_metadata_store.go:405.18,414.50 2 0
github.com/Layr-Labs/eigenda/disperser/common/v2/blobstore/postgres_metadata_store.go:414.50,416.4 1 0
github.com/Layr-Labs/eigenda/disperser/common/v2/blobstore/postgres_metadata_store.go:418.3,426.17 3 0
github.com/Layr-Labs/eigenda/disperser/common/v2/blobstore/postgres_metadata_store.go:426.17,428.4 1 0
github.com/Layr-Labs/eigenda/disperser/common/v2/blobstore/postgres_metadata_store.go:430.3,430.38 1 0
github.com/Layr-Labs/eigenda/disperser/common/v2/blobstore/postgres_metadata_store.go:433.2,433.35 1 0
github.com/Layr-Labs/eigenda/disperser/common/v2/blobstore/postgres_metadata_store.go:433.35,435.3 1 0
github.com/Layr-Labs/eigenda/disperser/common/v2/blobstore/postgres_metadata_store.go:437.2,437.21 1 0
github.com/Layr-Labs/eigenda/disperser/common/v2/blobstore/postgres_metadata_store.go:441.154,450.16 3 0
github.com/Layr-Labs/eigenda/disperser/common/v2/blobstore/postgres_metadata_store.go:450.16,452.3 1 0
github.com/Layr-Labs/eigenda/disperser/common/v2/blobstore/postgres_metadata_store.go:453.2,456.18 3 0
github.com/Layr-Labs/eigenda/disperser/common/v2/blobstore/postgres_metadata_store.go:456.18,465.50 2 0
github.com/Layr-Labs/eigenda/disperser/common/v2/blobstore/postgres_metadata_store.go:465.50,467.4 1 0
github.com/Layr-Labs/eigenda/disperser/common/v2/blobstore/postgres_metadata_store.go:469.3,477.17 3 0
github.com/Layr-Labs/eigenda/disperser/common/v2/blobstore/postgres_metadata_store.go:477.17,479.4 1 0
github.com/Layr-Labs/eigenda/disperser/common/v2/blobstore/postgres_metadata_store.go:481.3,481.38 1 0
github.com/Layr-Labs/eigenda/disperser/common/v2/blobstore/postgres_metadata_store.go:484.2,484.35 1 0
github.com/Layr-Labs/eigenda/disperser/common/v2/blobstore/postgres_metadata_store.go:484.35,486.3 1 0
github.com/Layr-Labs/eigenda/disperser/common/v2/blobstore/postgres_metadata_store.go:488.2,488.21 1 0
github.com/Layr-Labs/eigenda/disperser/common/v2/blobstore/postgres_metadata_store.go:497.51,501.66 3 0
github.com/Layr-Labs/eigenda/disperser/common/v2/blobstore/postgres_metadata_store.go:501.66,512.3 2 0
github.com/Layr-Labs/eigenda/disperser/common/v2/blobstore/postgres_metadata_store.go:512.8,522.3 2 0
github.com/Layr-Labs/eigenda/disperser/common/v2/blobstore/postgres_metadata_store.go:524.2,525.16 2 0
github.com/Layr-Labs/eigenda/disperser/common/v2/blobstore/postgres_metadata_store.go:525.16,527.3 1 0
github.com/Layr-Labs/eigenda/disperser/common/v2/blobstore/postgres_metadata_store.go:528.2,534.18 5 0
github.com/Layr-Labs/eigenda/disperser/common/v2/blobstore/postgres_metadata_store.go:534.18,543.50 2 0
github.com/Layr-Labs/eigenda/disperser/common/v2/blobstore/postgres_metadata_store.go:543.50,545.4 1 0
github.com/Layr-Labs/eigenda/disperser/common/v2/blobstore/postgres_metadata_store.go:547.3,558.17 5 0
github.com/Layr-Labs/eigenda/disperser/common/v2/blobstore/postgres_metadata_store.go:558.17,560.4 1 0
github.com/Layr-Labs/eigenda/disperser/common/v2/blobstore/postgres_metadata_store.go:562.3,562.38 1 0
github.com/Layr-Labs/eigenda/disperser/common/v2/blobstore/postgres_metadata_store.go:565.2,565.35 1 0
github.com/Layr-Labs/eigenda/disperser/common/v2/blobstore/postgres_metadata_store.go:565.35,567.3 1 0
github.com/Layr-Labs/eigenda/disperser/common/v2/blobstore/postgres_metadata_store.go:570.2,570.23 1 0
github.com/Layr-Labs/eigenda/disperser/common/v2/blobstore/postgres_metadata_store.go:570.23,572.3 1 0
github.com/Layr-Labs/eigenda/disperser/common/v2/blobstore/postgres_metadata_store.go:575.2,575.31 1 0
github.com/Layr-Labs/eigenda/disperser/common/v2/blobstore/postgres_metadata_store.go:575.31,578.3 1 0
github.com/Layr-Labs/eigenda/disperser/common/v2/blobstore/postgres_metadata_store.go:581.2,588.33 4 0
github.com/Layr-Labs/eigenda/disperser/common/v2/blobstore/postgres_metadata_store.go:592.124,596.16 4 0
github.com/Layr-Labs/eigenda/disperser/common/v2/blobstore/postgres_metadata_store.go:596.16,598.3 1 0
github.com/Layr-Labs/eigenda/disperser/common/v2/blobstore/postgres_metadata_store.go:599.2,599.19 1 0
github.com/Layr-Labs/eigenda/disperser/common/v2/blobstore/postgres_metadata_store.go:614.31,617.16 2 0
github.com/Layr-Labs/eigenda/disperser/common/v2/blobstore/postgres_metadata_store.go:617.16,619.3 1 0
github.com/Layr-Labs/eigenda/disperser/common/v2/blobstore/postgres_metadata_store.go:622.2,623.15 2 0
github.com/Layr-Labs/eigenda/disperser/common/v2/blobstore/postgres_metadata_store.go:623.15,625.26 2 0
github.com/Layr-Labs/eigenda/disperser/common/v2/blobstore/postgres_metadata_store.go:625.26,627.4 1 0
github.com/Layr-Labs/eigenda/disperser/common/v2/blobstore/postgres_metadata_store.go:628.3,628.56 1 0
github.com/Layr-Labs/eigenda/disperser/common/v2/blobstore/postgres_metadata_store.go:631.2,641.16 3 0
github.com/Layr-Labs/eigenda/disperser/common/v2/blobstore/postgres_metadata_store.go:641.16,643.3 1 0
github.com/Layr-Labs/eigenda/disperser/common/v2/blobstore/postgres_metadata_store.go:644.2,646.18 2 0
github.com/Layr-Labs/eigenda/disperser/common/v2/blobstore/postgres_metadata_store.go:646.18,655.51 2 0
github.com/Layr-Labs/eigenda/disperser/common/v2/blobstore/postgres_metadata_store.go:655.51,657.4 1 0
github.com/Layr-Labs/eigenda/disperser/common/v2/blobstore/postgres_metadata_store.go:659.3,667.17 3 0
github.com/Layr-Labs/eigenda/disperser/common/v2/blobstore/postgres_metadata_store.go:667.17,669.4 1 0
github.com/Layr-Labs/eigenda/disperser/common/v2/blobstore/postgres_metadata_store.go:672.3,673.17 2 0
github.com/Layr-Labs/eigenda/disperser/common/v2/blobstore/postgres_metadata_store.go:673.17,675.4 1 0
github.com/Layr-Labs/eigenda/disperser/common/v2/blobstore/postgres_metadata_store.go:678.3,678.98 1 0
github.com/Layr-Labs/eigenda/disperser/common/v2/blobstore/postgres_metadata_store.go:678.98,679.12 1 0
github.com/Layr-Labs/eigenda/disperser/common/v2/blobstore/postgres_metadata_store.go:683.3,692.40 3 0
github.com/Layr-Labs/eigenda/disperser/common/v2/blobstore/postgres_metadata_store.go:692.40,694.4 1 0
github.com/Layr-Labs/eigenda/disperser/common/v2/blobstore/postgres_metadata_store.go:697.2,697.35 1 0
github.com/Layr-Labs/eigenda/disperser/common/v2/blobstore/postgres_metadata_store.go:697.35,699.3 1 0
github.com/Layr-Labs/eigenda/disperser/common/v2/blobstore/postgres_metadata_store.go:701.2,701.20 1 0
github.com/Layr-Labs/eigenda/disperser/common/v2/blobstore/postgres_metadata_store.go:710.48,711.30 1 0
github.com/Layr-Labs/eigenda/disperser/common/v2/blobstore/postgres_metadata_store.go:711.30,713.3 1 0
github.com/Layr-Labs/eigenda/disperser/common/v2/blobstore/postgres_metadata_store.go:715.2,721.59 6 0
github.com/Layr-Labs/eigenda/disperser/common/v2/blobstore/postgres_metadata_store.go:721.59,726.17 3 0
github.com/Layr-Labs/eigenda/disperser/common/v2/blobstore/postgres_metadata_store.go:726.17,728.4 1 0
github.com/Layr-Labs/eigenda/disperser/common/v2/blobstore/postgres_metadata_store.go:730.3,730.40 1 0
github.com/Layr-Labs/eigenda/disperser/common/v2/blobstore/postgres_metadata_store.go:730.40,731.9 1 0
github.com/Layr-Labs/eigenda/disperser/common/v2/blobstore/postgres_metadata_store.go:735.2,735.41 1 0
github.com/Layr-Labs/eigenda/disperser/common/v2/blobstore/postgres_metadata_store.go:744.48,745.30 1 0
github.com/Layr-Labs/eigenda/disperser/common/v2/blobstore/postgres_metadata_store.go:745.30,747.3 1 0
github.com/Layr-Labs/eigenda/disperser/common/v2/blobstore/postgres_metadata_store.go:749.2,756.59 6 0
github.com/Layr-Labs/eigenda/disperser/common/v2/blobstore/postgres_metadata_store.go:756.59,761.17 3 0
github.com/Layr-Labs/eigenda/disperser/common/v2/blobstore/postgres_metadata_store.go:761.17,763.4 1 0
github.com/Layr-Labs/eigenda/disperser/common/v2/blobstore/postgres_metadata_store.go:765.3,765.40 1 0
github.com/Layr-Labs/eigenda/disperser/common/v2/blobstore/postgres_metadata_store.go:765.40,766.9 1 0
github.com/Layr-Labs/eigenda/disperser/common/v2/blobstore/postgres_metadata_store.go:769.2,769.41 1 0
github.com/Layr-Labs/eigenda/disperser/common/v2/blobstore/postgres_metadata_store.go:773.154,776.16 2 0
github.com/Layr-Labs/eigenda/disperser/common/v2/blobstore/postgres_metadata_store.go:776.16,778.3 1 0
github.com/Layr-Labs/eigenda/disperser/common/v2/blobstore/postgres_metadata_store.go:780.2,781.16 2 0
github.com/Layr-Labs/eigenda/disperser/common/v2/blobstore/postgres_metadata_store.go:781.16,783.3 1 0
github.com/Layr-Labs/eigenda/disperser/common/v2/blobstore/postgres_metadata_store.go:786.2,787.16 2 0
github.com/Layr-Labs/eigenda/disperser/common/v2/blobstore/postgres_metadata_store.go:787.16,789.3 1 0
github.com/Layr-Labs/eigenda/disperser/common/v2/blobstore/postgres_metadata_store.go:792.2,798.16 3 0
github.com/Layr-Labs/eigenda/disperser/common/v2/blobstore/postgres_metadata_store.go:798.16,800.3 1 0
github.com/Layr-Labs/eigenda/disperser/common/v2/blobstore/postgres_metadata_store.go:802.2,803.16 2 0
github.com/Layr-Labs/eigenda/disperser/common/v2/blobstore/postgres_metadata_store.go:803.16,805.3 1 0
github.com/Layr-Labs/eigenda/disperser/common/v2/blobstore/postgres_metadata_store.go:807.2,807.23 1 0
github.com/Layr-Labs/eigenda/disperser/common/v2/blobstore/postgres_metadata_store.go:807.23,809.3 1 0
github.com/Layr-Labs/eigenda/disperser/common/v2/blobstore/postgres_metadata_store.go:811.2,811.12 1 0
github.com/Layr-Labs/eigenda/disperser/common/v2/blobstore/postgres_metadata_store.go:815.110,818.16 3 0
github.com/Layr-Labs/eigenda/disperser/common/v2/blobstore/postgres_metadata_store.go:818.16,820.3 1 0
github.com/Layr-Labs/eigenda/disperser/common/v2/blobstore/postgres_metadata_store.go:821.2,821.12 1 0
github.com/Layr-Labs/eigenda/disperser/common/v2/blobstore/postgres_metadata_store.go:825.158,833.16 4 0
github.com/Layr-Labs/eigenda/disperser/common/v2/blobstore/postgres_metadata_store.go:833.16,834.36 1 0
github.com/Layr-Labs/eigenda/disperser/common/v2/blobstore/postgres_metadata_store.go:834.36,836.4 1 0
github.com/Layr-Labs/eigenda/disperser/common/v2/blobstore/postgres_metadata_store.go:837.3,837.73 1 0
github.com/Layr-Labs/eigenda/disperser/common/v2/blobstore/postgres_metadata_store.go:840.2,841.70 2 0
github.com/Layr-Labs/eigenda/disperser/common/v2/blobstore/postgres_metadata_store.go:841.70,843.3 1 0
github.com/Layr-Labs/eigenda/disperser/common/v2/blobstore/postgres_metadata_store.go:845.2,846.75 2 0
github.com/Layr-Labs/eigenda/disperser/common/v2/blobstore/postgres_metadata_store.go:846.75,848.3 1 0
github.com/Layr-Labs/eigenda/disperser/common/v2/blobstore/postgres_metadata_store.go:850.2,850.34 1 0
github.com/Layr-Labs/eigenda/disperser/common/v2/blobstore/postgres_metadata_store.go:854.166,855.24 1 0
github.com/Layr-Labs/eigenda/disperser/common/v2/blobstore/postgres_metadata_store.go:855.24,857.3 1 0
github.com/Layr-Labs/eigenda/disperser/common/v2/blobstore/postgres_metadata_store.go:860.2,862.31 3 0
github.com/Layr-Labs/eigenda/disperser/common/v2/blobstore/postgres_metadata_store.go:862.31,865.3 2 0
github.com/Layr-Labs/eigenda/disperser/common/v2/blobstore/postgres_metadata_store.go:867.2,874.16 3 0
github.com/Layr-Labs/eigenda/disperser/common/v2/blobstore/postgres_metadata_store.go:874.16,876.3 1 0
github.com/Layr-Labs/eigenda/disperser/common/v2/blobstore/postgres_metadata_store.go:877.2,882.18 4 0
github.com/Layr-Labs/eigenda/disperser/common/v2/blobstore/postgres_metadata_store.go:882.18,889.50 2 0
github.com/Layr-Labs/eigenda/disperser/common/v2/blobstore/postgres_metadata_store.go:889.50,891.4 1 0
github.com/Layr-Labs/eigenda/disperser/common/v2/blobstore/postgres_metadata_store.go:893.3,894.71 2 0
github.com/Layr-Labs/eigenda/disperser/common/v2/blobstore/postgres_metadata_store.go:894.71,896.4 1 0
github.com/Layr-Labs/eigenda/disperser/common/v2/blobstore/postgres_metadata_store.go:898.3,899.76 2 0
github.com/Layr-Labs/eigenda/disperser/common/v2/blobstore/postgres_metadata_store.go:899.76,901.4 1 0
github.com/Layr-Labs/eigenda/disperser/common/v2/blobstore/postgres_metadata_store.go:903.3,904.55 2 0
github.com/Layr-Labs/eigenda/disperser/common/v2/blobstore/postgres_metadata_store.go:907.2,907.35 1 0
github.com/Layr-Labs/eigenda/disperser/common/v2/blobstore/postgres_metadata_store.go:907.35,909.3 1 0
github.com/Layr-Labs/eigenda/disperser/common/v2/blobstore/postgres_metadata_store.go:911.2,911.34 1 0
github.com/Layr-Labs/eigenda/disperser/common/v2/blobstore/postgres_metadata_store.go:915.94,918.16 2 0
github.com/Layr-Labs/eigenda/disperser/common/v2/blobstore/postgres_metadata_store.go:918.16,920.3 1 0
github.com/Layr-Labs/eigenda/disperser/common/v2/blobstore/postgres_metadata_store.go:923.2,924.16 2 0
github.com/Layr-Labs/eigenda/disperser/common/v2/blobstore/postgres_metadata_store.go:924.16,926.3 1 0
github.com/Layr-Labs/eigenda/disperser/common/v2/blobstore/postgres_metadata_store.go:929.2,935.16 3 0
github.com/Layr-Labs/eigenda/disperser/common/v2/blobstore/postgres_metadata_store.go:935.16,937.3 1 0
github.com/Layr-Labs/eigenda/disperser/common/v2/blobstore/postgres_metadata_store.go:939.2,940.16 2 0
github.com/Layr-Labs/eigenda/disperser/common/v2/blobstore/postgres_metadata_store.go:940.16,942.3 1 0
github.com/Layr-Labs/eigenda/disperser/common/v2/blobstore/postgres_metadata_store.go:944.2,944.23 1 0
github.com/Layr-Labs/eigenda/disperser/common/v2/blobstore/postgres_metadata_store.go:944.23,946.3 1 0
github.com/Layr-Labs/eigenda/disperser/common/v2/blobstore/postgres_metadata_store.go:948.2,948.12 1 0
github.com/Layr-Labs/eigenda/disperser/common/v2/blobstore/postgres_metadata_store.go:952.116,957.16 4 0
github.com/Layr-Labs/eigenda/disperser/common/v2/blobstore/postgres_metadata_store.go:957.16,958.36 1 0
github.com/Layr-Labs/eigenda/disperser/common/v2/blobstore/postgres_metadata_store.go:958.36,960.4 1 0
github.com/Layr-Labs/eigenda/disperser/common/v2/blobstore/postgres_metadata_store.go:961.3,961.57 1 0
github.com/Layr-Labs/eigenda/disperser/common/v2/blobstore/postgres_metadata_store.go:964.2,965.58 2 0
github.com/Layr-Labs/eigenda/disperser/common/v2/blobstore/postgres_metadata_store.go:965.58,967.3 1 0
github.com/Layr-Labs/eigenda/disperser/common/v2/blobstore/postgres_metadata_store.go:969.2,969.20 1 0
github.com/Layr-Labs/eigenda/disperser/common/v2/blobstore/postgres_metadata_store.go:973.112,976.16 2 0
github.com/Layr-Labs/eigenda/disperser/common/v2/blobstore/postgres_metadata_store.go:976.16,978.3 1 0
github.com/Layr-Labs/eigenda/disperser/common/v2/blobstore/postgres_metadata_store.go:981.2,982.16 2 0
github.com/Layr-Labs/eigenda/disperser/common/v2/blobstore/postgres_metadata_store.go:982.16,984.3 1 0
github.com/Layr-Labs/eigenda/disperser/common/v2/blobstore/postgres_metadata_store.go:987.2,993.16 3 0
github.com/Layr-Labs/eigenda/disperser/common/v2/blobstore/postgres_metadata_store.go:993.16,995.3 1 0
github.com/Layr-Labs/eigenda/disperser/common/v2/blobstore/postgres_metadata_store.go:997.2,998.16 2 0
github.com/Layr-Labs/eigenda/disperser/common/v2/blobstore/postgres_metadata_store.go:998.16,1000.3 1 0
github.com/Layr-Labs/eigenda/disperser/common/v2/blobstore/postgres_metadata_store.go:1002.2,1002.23 1 0
github.com/Layr-Labs/eigenda/disperser/common/v2/blobstore/postgres_metadata_store.go:1002.23,1004.3 1 0
github.com/Layr-Labs/eigenda/disperser/common/v2/blobstore/postgres_metadata_store.go:1006.2,1006.12 1 0
github.com/Layr-Labs/eigenda/disperser/common/v2/blobstore/postgres_metadata_store.go:1010.108,1013.16 3 0
github.com/Layr-Labs/eigenda/disperser/common/v2/blobstore/postgres_metadata_store.go:1013.16,1015.3 1 0
github.com/Layr-Labs/eigenda/disperser/common/v2/blobstore/postgres_metadata_store.go:1016.2,1016.12 1 0
github.com/Layr-Labs/eigenda/disperser/common/v2/blobstore/postgres_metadata_store.go:1020.128,1025.16 4 0
github.com/Layr-Labs/eigenda/disperser/common/v2/blobstore/postgres_metadata_store.go:1025.16,1026.36 1 0
github.com/Layr-Labs/eigenda/disperser/common/v2/blobstore/postgres_metadata_store.go:1026.36,1028.4 1 0
github.com/Layr-Labs/eigenda/disperser/common/v2/blobstore/postgres_metadata_store.go:1029.3,1029.64 1 0
github.com/Layr-Labs/eigenda/disperser/common/v2/blobstore/postgres_metadata_store.go:1032.2,1033.70 2 0
github.com/Layr-Labs/eigenda/disperser/common/v2/blobstore/postgres_metadata_store.go:1033.70,1035.3 1 0
github.com/Layr-Labs/eigenda/disperser/common/v2/blobstore/postgres_metadata_store.go:1037.2,1037.26 1 0
github.com/Layr-Labs/eigenda/disperser/common/v2/blobstore/postgres_metadata_store.go:1041.114,1044.16 2 0
github.com/Layr-Labs/eigenda/disperser/common/v2/blobstore/postgres_metadata_store.go:1044.16,1046.3 1 0
github.com/Layr-Labs/eigenda/disperser/common/v2/blobstore/postgres_metadata_store.go:1049.2,1050.16 2 0
github.com/Layr-Labs/eigenda/disperser/common/v2/blobstore/postgres_metadata_store.go:1050.16,1052.3 1 0
github.com/Layr-Labs/eigenda/disperser/common/v2/blobstore/postgres_metadata_store.go:1055.2,1061.16 3 0
github.com/Layr-Labs/eigenda/disperser/common/v2/blobstore/postgres_metadata_store.go:1061.16,1063.3 1 0
github.com/Layr-Labs/eigenda/disperser/common/v2/blobstore/postgres_metadata_store.go:1065.2,1066.16 2 0
github.com/Layr-Labs/eigenda/disperser/common/v2/blobstore/postgres_metadata_store.go:1066.16,1068.3 1 0
github.com/Layr-Labs/eigenda/disperser/common/v2/blobstore/postgres_metadata_store.go:1070.2,1070.23 1 0
github.com/Layr-Labs/eigenda/disperser/common/v2/blobstore/postgres_metadata_store.go:1070.23,1072.3 1 0
github.com/Layr-Labs/eigenda/disperser/common/v2/blobstore/postgres_metadata_store.go:1074.2,1074.12 1 0
github.com/Layr-Labs/eigenda/disperser/common/v2/blobstore/postgres_metadata_store.go:1078.166,1083.16 4 0
github.com/Layr-Labs/eigenda/disperser/common/v2/blobstore/postgres_metadata_store.go:1083.16,1084.36 1 0
github.com/Layr-Labs/eigenda/disperser/common/v2/blobstore/postgres_metadata_store.go:1084.36,1086.4 1 0
github.com/Layr-Labs/eigenda/disperser/common/v2/blobstore/postgres_metadata_store.go:1087.3,1087.69 1 0
github.com/Layr-Labs/eigenda/disperser/common/v2/blobstore/postgres_metadata_store.go:1090.2,1091.54 2 0
github.com/Layr-Labs/eigenda/disperser/common/v2/blobstore/postgres_metadata_store.go:1091.54,1093.3 1 0
github.com/Layr-Labs/eigenda/disperser/common/v2/blobstore/postgres_metadata_store.go:1095.2,1095.18 1 0
github.com/Layr-Labs/eigenda/disperser/common/v2/blobstore/postgres_metadata_store.go:1099.116,1102.16 2 0
github.com/Layr-Labs/eigenda/disperser/common/v2/blobstore/postgres_metadata_store.go:1102.16,1104.3 1 0
github.com/Layr-Labs/eigenda/disperser/common/v2/blobstore/postgres_metadata_store.go:1107.2,1108.16 2 0
github.com/Layr-Labs/eigenda/disperser/common/v2/blobstore/postgres_metadata_store.go:1108.16,1110.3 1 0
github.com/Layr-Labs/eigenda/disperser/common/v2/blobstore/postgres_metadata_store.go:1113.2,1119.16 3 0
github.com/Layr-Labs/eigenda/disperser/common/v2/blobstore/postgres_metadata_store.go:1119.16,1121.3 1 0
github.com/Layr-Labs/eigenda/disperser/common/v2/blobstore/postgres_metadata_store.go:1123.2,1124.16 2 0
github.com/Layr-Labs/eigenda/disperser/common/v2/blobstore/postgres_metadata_store.go:1124.16,1126.3 1 0
github.com/Layr-Labs/eigenda/disperser/common/v2/blobstore/postgres_metadata_store.go:1128.2,1128.23 1 0
github.com/Layr-Labs/eigenda/disperser/common/v2/blobstore/postgres_metadata_store.go:1128.23,1130.3 1 0
github.com/Layr-Labs/eigenda/disperser/common/v2/blobstore/postgres_metadata_store.go:1132.2,1132.12 1 0
github.com/Layr-Labs/eigenda/disperser/common/v2/blobstore/postgres_metadata_store.go:1136.168,1141.16 4 0
github.com/Layr-Labs/eigenda/disperser/common/v2/blobstore/postgres_metadata_store.go:1141.16,1142.36 1 0
github.com/Layr-Labs/eigenda/disperser/common/v2/blobstore/postgres_metadata_store.go:1142.36,1144.4 1 0
github.com/Layr-Labs/eigenda/disperser/common/v2/blobstore/postgres_metadata_store.go:1145.3,1145.70 1 0
github.com/Layr-Labs/eigenda/disperser/common/v2/blobstore/postgres_metadata_store.go:1148.2,1149.54 2 0
github.com/Layr-Labs/eigenda/disperser/common/v2/blobstore/postgres_metadata_store.go:1149.54,1151.3 1 0
github.com/Layr-Labs/eigenda/disperser/common/v2/blobstore/postgres_metadata_store.go:1153.2,1153.18 1 0
github.com/Layr-Labs/eigenda/disperser/common/v2/blobstore/postgres_metadata_store.go:1157.143,1160.16 3 0
github.com/Layr-Labs/eigenda/disperser/common/v2/blobstore/postgres_metadata_store.go:1160.16,1162.3 1 0
github.com/Layr-Labs/eigenda/disperser/common/v2/blobstore/postgres_metadata_store.go:1163.2,1166.18 3 0
github.com/Layr-Labs/eigenda/disperser/common/v2/blobstore/postgres_metadata_store.go:1166.18,1168.45 2 0
github.com/Layr-Labs/eigenda/disperser/common/v2/blobstore/postgres_metadata_store.go:1168.45,1170.4 1 0
github.com/Layr-Labs/eigenda/disperser/common/v2/blobstore/postgres_metadata_store.go:1172.3,1173.55 2 0
github.com/Layr-Labs/eigenda/disperser/common/v2/blobstore/postgres_metadata_store.go:1173.55,1175.4 1 0
github.com/Layr-Labs/eigenda/disperser/common/v2/blobstore/postgres_metadata_store.go:1177.3,1177.38 1 0
github.com/Layr-Labs/eigenda/disperser/common/v2/blobstore/postgres_metadata_store.go:1180.2,1180.35 1 0
github.com/Layr-Labs/eigenda/disperser/common/v2/blobstore/postgres_metadata_store.go:1180.35,1182.3 1 0
github.com/Layr-Labs/eigenda/disperser/common/v2/blobstore/postgres_metadata_store.go:1184.2,1184.25 1 0
github.com/Layr-Labs/eigenda/disperser/common/v2/blobstore/postgres_metadata_store.go:1184.25,1186.3 1 0
github.com/Layr-Labs/eigenda/disperser/common/v2/blobstore/postgres_metadata_store.go:1188.2,1188.23 1 0
github.com/Layr-Labs/eigenda/disperser/common/v2/blobstore/postgres_metadata_store.go:1199.40,1200.21 1 0
github.com/Layr-Labs/eigenda/disperser/common/v2/blobstore/postgres_metadata_store.go:1200.21,1202.3 1 0
github.com/Layr-Labs/eigenda/disperser/common/v2/blobstore/postgres_metadata_store.go:1205.2,1209.16 3 0
github.com/Layr-Labs/eigenda/disperser/common/v2/blobstore/postgres_metadata_store.go:1209.16,1211.3 1 0
github.com/Layr-Labs/eigenda/disperser/common/v2/blobstore/postgres_metadata_store.go:1214.2,1215.15 2 0
github.com/Layr-Labs/eigenda/disperser/common/v2/blobstore/postgres_metadata_store.go:1215.15,1217.3 1 0
github.com/Layr-Labs/eigenda/disperser/common/v2/blobstore/postgres_metadata_store.go:1219.2,1228.16 3 0
github.com/Layr-Labs/eigenda/disperser/common/v2/blobstore/postgres_metadata_store.go:1228.16,1230.3 1 0
github.com/Layr-Labs/eigenda/disperser/common/v2/blobstore/postgres_metadata_store.go:1231.2,1234.18 3 0
github.com/Layr-Labs/eigenda/disperser/common/v2/blobstore/postgres_metadata_store.go:1234.18,1236.45 2 0
github.com/Layr-Labs/eigenda/disperser/common/v2/blobstore/postgres_metadata_store.go:1236.45,1238.4 1 0
github.com/Layr-Labs/eigenda/disperser/common/v2/blobstore/postgres_metadata_store.go:1240.3,1241.55 2 0
github.com/Layr-Labs/eigenda/disperser/common/v2/blobstore/postgres_metadata_store.go:1241.55,1243.4 1 0
github.com/Layr-Labs/eigenda/disperser/common/v2/blobstore/postgres_metadata_store.go:1245.3,1245.38 1 0
github.com/Layr-Labs/eigenda/disperser/common/v2/blobstore/postgres_metadata_store.go:1248.2,1248.35 1 0
github.com/Layr-Labs/eigenda/disperser/common/v2/blobstore/postgres_metadata_store.go:1248.35,1250.3 1 0
github.com/Layr-Labs/eigenda/disperser/common/v2/blobstore/postgres_metadata_store.go:1252.2,1252.23 1 0
github.com/Layr-Labs/eigenda/disperser/common/v2/blobstore/postgres_metadata_store.go:1256.112,1259.16 2 0
github.com/Layr-Labs/eigenda/disperser/common/v2/blobstore/postgres_metadata_store.go:1259.16,1261.3 1 0
github.com/Layr-Labs/eigenda/disperser/common/v2/blobstore/postgres_metadata_store.go:1264.2,1265.16 2 0
github.com/Layr-Labs/eigenda/disperser/common/v2/blobstore/postgres_metadata_store.go:1265.16,1267.3 1 0
github.com/Layr-Labs/eigenda/disperser/common/v2/blobstore/postgres_metadata_store.go:1270.2,1278.16 4 0
github.com/Layr-Labs/eigenda/disperser/common/v2/blobstore/postgres_metadata_store.go:1278.16,1280.3 1 0
github.com/Layr-Labs/eigenda/disperser/common/v2/blobstore/postgres_metadata_store.go:1282.2,1282.12 1 0
github.com/Layr-Labs/eigenda/disperser/common/v2/blobstore/postgres_metadata_store.go:1286.128,1291.16 4 0
github.com/Layr-Labs/eigenda/disperser/common/v2/blobstore/postgres_metadata_store.go:1291.16,1292.36 1 0
github.com/Layr-Labs/eigenda/disperser/common/v2/blobstore/postgres_metadata_store.go:1292.36,1294.4 1 0
github.com/Layr-Labs/eigenda/disperser/common/v2/blobstore/postgres_metadata_store.go:1295.3,1295.63 1 0
github.com/Layr-Labs/eigenda/disperser/common/v2/blobstore/postgres_metadata_store.go:1298.2,1299.70 2 0
github.com/Layr-Labs/eigenda/disperser/common/v2/blobstore/postgres_metadata_store.go:1299.70,1301.3 1 0
github.com/Layr-Labs/eigenda/disperser/common/v2/blobstore/postgres_metadata_store.go:1303.2,1303.26 1 0
github.com/Layr-Labs/eigenda/disperser/common/v2/blobstore/postgres_metadata_store.go:1312.34,1315.16 2 0
github.com/Layr-Labs/eigenda/disperser/common/v2/blobstore/postgres_metadata_store.go:1315.16,1317.3 1 0
github.com/Layr-Labs/eigenda/disperser/common/v2/blobstore/postgres_metadata_store.go:1320.2,1321.21 2 0
github.com/Layr-Labs/eigenda/disperser/common/v2/blobstore/postgres_metadata_store.go:1321.21,1323.3 1 0
github.com/Layr-Labs/eigenda/disperser/common/v2/blobstore/postgres_metadata_store.go:1325.2,1334.16 3 0
github.com/Layr-Labs/eigenda/disperser/common/v2/blobstore/postgres_metadata_store.go:1334.16,1336.3 1 0
github.com/Layr-Labs/eigenda/disperser/common/v2/blobstore/postgres_metadata_store.go:1337.2,1340.18 3 0
github.com/Layr-Labs/eigenda/disperser/common/v2/blobstore/postgres_metadata_store.go:1340.18,1342.53 2 0
github.com/Layr-Labs/eigenda/disperser/common/v2/blobstore/postgres_metadata_store.go:1342.53,1344.4 1 0
github.com/Layr-Labs/eigenda/disperser/common/v2/blobstore/postgres_metadata_store.go:1346.3,1347.71 2 0
github.com/Layr-Labs/eigenda/disperser/common/v2/blobstore/postgres_metadata_store.go:1347.71,1349.4 1 0
github.com/Layr-Labs/eigenda/disperser/common/v2/blobstore/postgres_metadata_store.go:1351.3,1354.58 2 0
github.com/Layr-Labs/eigenda/disperser/common/v2/blobstore/postgres_metadata_store.go:1354.58,1355.9 1 0
github.com/Layr-Labs/eigenda/disperser/common/v2/blobstore/postgres_metadata_store.go:1359.2,1359.35 1 0
github.com/Layr-Labs/eigenda/disperser/common/v2/blobstore/postgres_metadata_store.go:1359.35,1361.3 1 0
github.com/Layr-Labs/eigenda/disperser/common/v2/blobstore/postgres_metadata_store.go:1363.2,1363.26 1 0
github.com/Layr-Labs/eigenda/disperser/common/v2/blobstore/postgres_metadata_store.go:1372.34,1373.24 1 0
github.com/Layr-Labs/eigenda/disperser/common/v2/blobstore/postgres_metadata_store.go:1373.24,1375.3 1 0
github.com/Layr-Labs/eigenda/disperser/common/v2/blobstore/postgres_metadata_store.go:1376.2,1380.59 3 0
github.com/Layr-Labs/eigenda/disperser/common/v2/blobstore/postgres_metadata_store.go:1380.59,1381.40 1 0
github.com/Layr-Labs/eigenda/disperser/common/v2/blobstore/postgres_metadata_store.go:1381.40,1382.9 1 0
github.com/Layr-Labs/eigenda/disperser/common/v2/blobstore/postgres_metadata_store.go:1384.3,1385.16 2 0
github.com/Layr-Labs/eigenda/disperser/common/v2/blobstore/postgres_metadata_store.go:1385.16,1387.4 1 0
github.com/Layr-Labs/eigenda/disperser/common/v2/blobstore/postgres_metadata_store.go:1389.3,1390.17 2 0
github.com/Layr-Labs/eigenda/disperser/common/v2/blobstore/postgres_metadata_store.go:1390.17,1392.4 1 0
github.com/Layr-Labs/eigenda/disperser/common/v2/blobstore/postgres_metadata_store.go:1393.3,1393.40 1 0
github.com/Layr-Labs/eigenda/disperser/common/v2/blobstore/postgres_metadata_store.go:1393.40,1395.41 2 0
github.com/Layr-Labs/eigenda/disperser/common/v2/blobstore/postgres_metadata_store.go:1395.41,1396.10 1 0
github.com/Layr-Labs/eigenda/disperser/common/v2/blobstore/postgres_metadata_store.go:1400.2,1400.20 1 0
github.com/Layr-Labs/eigenda/disperser/common/v2/blobstore/postgres_metadata_store.go:1409.34,1410.24 1 0
github.com/Layr-Labs/eigenda/disperser/common/v2/blobstore/postgres_metadata_store.go:1410.24,1412.3 1 0
github.com/Layr-Labs/eigenda/disperser/common/v2/blobstore/postgres_metadata_store.go:1414.2,1418.59 3 0
github.com/Layr-Labs/eigenda/disperser/common/v2/blobstore/postgres_metadata_store.go:1418.59,1419.40 1 0
github.com/Layr-Labs/eigenda/disperser/common/v2/blobstore/postgres_metadata_store.go:1419.40,1420.9 1 0
github.com/Layr-Labs/eigenda/disperser/common/v2/blobstore/postgres_metadata_store.go:1422.3,1423.16 2 0
github.com/Layr-Labs/eigenda/disperser/common/v2/blobstore/postgres_metadata_store.go:1423.16,1425.4 1 0
github.com/Layr-Labs/eigenda/disperser/common/v2/blobstore/postgres_metadata_store.go:1427.3,1428.17 2 0
github.com/Layr-Labs/eigenda/disperser/common/v2/blobstore/postgres_metadata_store.go:1428.17,1430.4 1 0
github.com/Layr-Labs/eigenda/disperser/common/v2/blobstore/postgres_metadata_store.go:1431.3,1431.40 1 0
github.com/Layr-Labs/eigenda/disperser/common/v2/blobstore/postgres_metadata_store.go:1431.40,1433.41 2 0
github.com/Layr-Labs/eigenda/disperser/common/v2/blobstore/postgres_metadata_store.go:1433.41,1434.10 1 0
github.com/Layr-Labs/eigenda/disperser/common/v2/blobstore/postgres_metadata_store.go:1439.2,1439.20 1 0
github.com/Layr-Labs/eigenda/disperser/common/v2/blobstore/postgres_metadata_store.go:1443.126,1446.16 2 0
github.com/Layr-Labs/eigenda/disperser/common/v2/blobstore/postgres_metadata_store.go:1446.16,1448.3 1 0
github.com/Layr-Labs/eigenda/disperser/common/v2/blobstore/postgres_metadata_store.go:1451.2,1452.16 2 0
github.com/Layr-Labs/eigenda/disperser/common/v2/blobstore/postgres_metadata_store.go:1452.16,1454.3 1 0
github.com/Layr-Labs/eigenda/disperser/common/v2/blobstore/postgres_metadata_store.go:1457.2,1463.16 3 0
github.com/Layr-Labs/eigenda/disperser/common/v2/blobstore/postgres_metadata_store.go:1463.16,1465.3 1 0
github.com/Layr-Labs/eigenda/disperser/common/v2/blobstore/postgres_metadata_store.go:1467.2,1468.16 2 0
github.com/Layr-Labs/eigenda/disperser/common/v2/blobstore/postgres_metadata_store.go:1468.16,1470.3 1 0
github.com/Layr-Labs/eigenda/disperser/common/v2/blobstore/postgres_metadata_store.go:1472.2,1472.23 1 0
github.com/Layr-Labs/eigenda/disperser/common/v2/blobstore/postgres_metadata_store.go:1472.23,1474.3 1 0
github.com/Layr-Labs/eigenda/disperser/common/v2/blobstore/postgres_metadata_store.go:1476.2,1476.12 1 0
github.com/Layr-Labs/eigenda/disperser/common/v2/blobstore/postgres_metadata_store.go:1480.130,1481.30 1 0
github.com/Layr-Labs/eigenda/disperser/common/v2/blobstore/postgres_metadata_store.go:1481.30,1483.3 1 0
github.com/Layr-Labs/eigenda/disperser/common/v2/blobstore/postgres_metadata_store.go:1486.2,1487.16 2 0
github.com/Layr-Labs/eigenda/disperser/common/v2/blobstore/postgres_metadata_store.go:1487.16,1489.3 1 0
github.com/Layr-Labs/eigenda/disperser/common/v2/blobstore/postgres_metadata_store.go:1490.2,1498.16 3 0
github.com/Layr-Labs/eigenda/disperser/common/v2/blobstore/postgres_metadata_store.go:1498.16,1500.3 1 0
github.com/Layr-Labs/eigenda/disperser/common/v2/blobstore/postgres_metadata_store.go:1501.2,1504.38 2 0
github.com/Layr-Labs/eigenda/disperser/common/v2/blobstore/postgres_metadata_store.go:1504.38,1507.17 2 0
github.com/Layr-Labs/eigenda/disperser/common/v2/blobstore/postgres_metadata_store.go:1507.17,1509.4 1 0
github.com/Layr-Labs/eigenda/disperser/common/v2/blobstore/postgres_metadata_store.go:1512.3,1513.17 2 0
github.com/Layr-Labs/eigenda/disperser/common/v2/blobstore/postgres_metadata_store.go:1513.17,1515.4 1 0
github.com/Layr-Labs/eigenda/disperser/common/v2/blobstore/postgres_metadata_store.go:1517.3,1518.17 2 0
github.com/Layr-Labs/eigenda/disperser/common/v2/blobstore/postgres_metadata_store.go:1518.17,1520.4 1 0
github.com/Layr-Labs/eigenda/disperser/common/v2/blobstore/postgres_metadata_store.go:1524.2,1524.36 1 0
github.com/Layr-Labs/eigenda/disperser/common/v2/blobstore/postgres_metadata_store.go:1524.36,1526.3 1 0
github.com/Layr-Labs/eigenda/disperser/common/v2/blobstore/postgres_metadata_store.go:1528.2,1528.12 1 0
github.com/Layr-Labs/eigenda/disperser/common/v2/blobstore/postgres_metadata_store.go:1532.164,1537.16 4 0
github.com/Layr-Labs/eigenda/disperser/common/v2/blobstore/postgres_metadata_store.go:1537.16,1538.36 1 0
github.com/Layr-Labs/eigenda/disperser/common/v2/blobstore/postgres_metadata_store.go:1538.36,1540.4 1 0
github.com/Layr-Labs/eigenda/disperser/common/v2/blobstore/postgres_metadata_store.go:1541.3,1541.71 1 0
github.com/Layr-Labs/eigenda/disperser/common/v2/blobstore/postgres_metadata_store.go:1544.2,1545.74 2 0
github.com/Layr-Labs/eigenda/disperser/common/v2/blobstore/postgres_metadata_store.go:1545.74,1547.3 1 0
github.com/Layr-Labs/eigenda/disperser/common/v2/blobstore/postgres_metadata_store.go:1549.2,1549.28 1 0
github.com/Layr-Labs/eigenda/disperser/common/v2/blobstore/postgres_metadata_store.go:1553.141,1556.16 3 0
github.com/Layr-Labs/eigenda/disperser/common/v2/blobstore/postgres_metadata_store.go:1556.16,1558.3 1 0
github.com/Layr-Labs/eigenda/disperser/common/v2/blobstore/postgres_metadata_store.go:1559.2,1562.18 3 0
github.com/Layr-Labs/eigenda/disperser/common/v2/blobstore/postgres_metadata_store.go:1562.18,1564.55 2 0
github.com/Layr-Labs/eigenda/disperser/common/v2/blobstore/postgres_metadata_store.go:1564.55,1566.4 1 0
github.com/Layr-Labs/eigenda/disperser/common/v2/blobstore/postgres_metadata_store.go:1568.3,1569.75 2 0
github.com/Layr-Labs/eigenda/disperser/common/v2/blobstore/postgres_metadata_store.go:1569.75,1571.4 1 0
github.com/Layr-Labs/eigenda/disperser/common/v2/blobstore/postgres_metadata_store.go:1573.3,1573.58 1 0
github.com/Layr-Labs/eigenda/disperser/common/v2/blobstore/postgres_metadata_store.go:1576.2,1576.35 1 0
github.com/Layr-Labs/eigenda/disperser/common/v2/blobstore/postgres_metadata_store.go:1576.35,1578.3 1 0
github.com/Layr-Labs/eigenda/disperser/common/v2/blobstore/postgres_metadata_store.go:1580.2,1580.30 1 0
github.com/Layr-Labs/eigenda/disperser/common/v2/blobstore/postgres_metadata_store.go:1580.30,1582.3 1 0
github.com/Layr-Labs/eigenda/disperser/common/v2/blobstore/postgres_metadata_store.go:1584.2,1584.28 1 0
github.com/Layr-Labs/eigenda/disperser/common/v2/blobstore/postgres_metadata_store.go:1588.138,1590.16 2 0
github.com/Layr-Labs/eigenda/disperser/common/v2/blobstore/postgres_metadata_store.go:1590.16,1593.3 2 0
github.com/Layr-Labs/eigenda/disperser/common/v2/blobstore/postgres_metadata_store.go:1595.2,1595.34 1 0
github.com/Layr-Labs/eigenda/disperser/common/v2/blobstore/postgres_metadata_store.go:1595.34,1598.3 2 0
github.com/Layr-Labs/eigenda/disperser/common/v2/blobstore/postgres_metadata_store.go:1600.2,1600.33 1 0
github.com/Layr-Labs/eigenda/disperser/common/v2/blobstore/postgres_metadata_store.go:1600.33,1602.3 1 0
github.com/Layr-Labs/eigenda/disperser/common/v2/blobstore/postgres_metadata_store.go:1605.2,1607.51 2 0
github.com/Layr-Labs/eigenda/disperser/common/v2/blobstore/postgres_metadata_store.go:1607.51,1610.17 2 0
github.com/Layr-Labs/eigenda/disperser/common/v2/blobstore/postgres_metadata_store.go:1610.17,1613.12 3 0
github.com/Layr-Labs/eigenda/disperser/common/v2/blobstore/postgres_metadata_store.go:1615.3,1616.17 2 0
github.com/Layr-Labs/eigenda/disperser/common/v2/blobstore/postgres_metadata_store.go:1616.17,1619.12 3 0
github.com/Layr-Labs/eigenda/disperser/common/v2/blobstore/postgres_metadata_store.go:1622.3,1625.9 1 0
github.com/Layr-Labs/eigenda/disperser/common/v2/blobstore/postgres_metadata_store.go:1628.2,1628.28 1 0
github.com/Layr-Labs/eigenda/disperser/common/v2/blobstore/postgres_metadata_store.go:1628.28,1630.3 1 0
github.com/Layr-Labs/eigenda/disperser/common/v2/blobstore/postgres_metadata_store.go:1632.2,1632.84 1 0
github.com/Layr-Labs/eigenda/disperser/common/v2/blobstore/postgres_metadata_store.go:1636.149,1639.16 2 0
github.com/Layr-Labs/eigenda/disperser/common/v2/blobstore/postgres_metadata_store.go:1639.16,1641.3 1 0
github.com/Layr-Labs/eigenda/disperser/common/v2/blobstore/postgres_metadata_store.go:1644.2,1645.16 2 0
github.com/Layr-Labs/eigenda/disperser/common/v2/blobstore/postgres_metadata_store.go:1645.16,1647.3 1 0
github.com/Layr-Labs/eigenda/disperser/common/v2/blobstore/postgres_metadata_store.go:1649.2,1649.38 1 0
github.com/Layr-Labs/eigenda/disperser/common/v2/blobstore/postgres_metadata_store.go:1653.51,1655.2 1 0
github.com/Layr-Labs/eigenda/disperser/common/v2/blobstore/s3_blob_store.go:19.94,25.2 1 1
github.com/Layr-Labs/eigenda/disperser/common/v2/blobstore/s3_blob_store.go:28.91,30.16 2 1
github.com/Layr-Labs/eigenda/disperser/common/v2/blobstore/s3_blob_store.go:30.16,33.3 2 0
github.com/Layr-Labs/eigenda/disperser/common/v2/blobstore/s3_blob_store.go:35.2,36.16 2 1
github.com/Layr-Labs/eigenda/disperser/common/v2/blobstore/s3_blob_store.go:36.16,39.3 2 0
github.com/Layr-Labs/eigenda/disperser/common/v2/blobstore/s3_blob_store.go:40.2,40.12 1 1
github.com/Layr-Labs/eigenda/disperser/common/v2/blobstore/s3_blob_store.go:44.86,46.42 2 1
github.com/Layr-Labs/eigenda/disperser/common/v2/blobstore/s3_blob_store.go:46.42,49.3 2 0
github.com/Layr-Labs/eigenda/disperser/common/v2/blobstore/s3_blob_store.go:51.2,51.16 1 1
github.com/Layr-Labs/eigenda/disperser/common/v2/blobstore/s3_blob_store.go:51.16,54.3 2 1
github.com/Layr-Labs/eigenda/disperser/common/v2/blobstore/s3_blob_store.go:55.2,55.18 1 1
